#
# A fatal error has been detected by the Java Runtime Environment:
#
#  SIGSEGV (0xb) at pc=0x00007febe4a427ba, pid=9464, tid=0x00007febab2c5700
#
# JRE version: OpenJDK Runtime Environment (8.0_151-b12) (build 1.8.0_151-8u151-b12-0ubuntu0.16.04.2-b12)
# Java VM: OpenJDK 64-Bit Server VM (25.151-b12 mixed mode linux-amd64 compressed oops)
# Problematic frame:
# v  ~BufferBlob::jni_fast_GetLongField
#
# Failed to write core dump. Core dumps have been disabled. To enable core dumping, try "ulimit -c unlimited" before starting Java again
#
# If you would like to submit a bug report, please visit:
#   http://bugreport.java.com/bugreport/crash.jsp
# The crash happened outside the Java Virtual Machine in native code.
# See problematic frame for where to report the bug.
#

---------------  T H R E A D  ---------------

Current thread (0x00007febf4334000):  JavaThread "AWT-XAWT" daemon [_thread_in_native, id=9480, stack(0x00007febab1c5000,0x00007febab2c6000)]

siginfo: si_signo: 11 (SIGSEGV), si_code: 1 (SEGV_MAPERR), si_addr: 0x0000000000000000

Registers:
RAX=0x00007febfa3cd040, RBX=0x00007febf43341e0, RCX=0x0000000000000000, RDX=0x0000000000000042
RSP=0x00007febab2c4838, RBP=0x00007febab2c4860, RSI=0x0000000000000000, RDI=0x00007febf43341e0
R8 =0x0000000085031650, R9 =0x0000000000000000, R10=0x0000000000000406, R11=0x00007febe4aeef18
R12=0x00007feb90fa0760, R13=0x0000000000000000, R14=0x00007febe1143b00, R15=0x00007febf4334000
RIP=0x00007febe4a427ba, EFLAGS=0x0000000000010246, CSGSFS=0x0000000000000033, ERR=0x0000000000000004
  TRAPNO=0x000000000000000e

Top of Stack: (sp=0x00007febab2c4838)
0x00007febab2c4838:   00007febe0f20f74 00007febe3543b18
0x00007febab2c4848:   00007feb90fa0760 00007febab2c4910
0x00007febab2c4858:   00007febab2c48e0 0000000000000000
0x00007febab2c4868:   00007febe09dd3c0 00007febe3543b18
0x00007febab2c4878:   00007febab2c48a0 0000000000000000
0x00007febab2c4888:   00007febe09d4f93 00007febab2c4910
0x00007febab2c4898:   00007febe0f18cef 00007febab2c48f0
0x00007febab2c48a8:   00007febe4aeefb6 0000000000000000
0x00007febab2c48b8:   00007febe4d3ab76 00007febab2c4910
0x00007febab2c48c8:   00007febe4b479ac 0000000085093bd0
0x00007febab2c48d8:   00007febe560eadc 0000000085000340
0x00007febab2c48e8:   0000000000000031 00007febab2c4970
0x00007febab2c48f8:   00007febe49e07d0 00007febab2c4970
0x00007febab2c4908:   00007febe49e07d0 0000000000000000
0x00007febab2c4918:   00007febe49e0b10 00007feb98002e40
0x00007febab2c4928:   0000000085093bd0 00007febab2c4930
0x00007febab2c4938:   00007febe350893c 00007febab2c49b8
0x00007febab2c4948:   00007febe35206a0 0000000000000000
0x00007febab2c4958:   00007febe3508a78 00007febab2c4910
0x00007febab2c4968:   00007febab2c49b0 00007febab2c4a00
0x00007febab2c4978:   00007febe49e0ffd 0000000000000000
0x00007febab2c4988:   000000008500c550 0000000000000000
0x00007febab2c4998:   0000000000000000 0000000000000000
0x00007febab2c49a8:   0000000085093bd0 0000000000000000
0x00007febab2c49b8:   0000000085025d60 00007febab2c49c0
0x00007febab2c49c8:   00007febe350877d 00007febab2c4a10
0x00007febab2c49d8:   00007febe35206a0 0000000000000000
0x00007febab2c49e8:   00007febe3508788 00007febab2c49b0
0x00007febab2c49f8:   00007febab2c4a10 00007febab2c4a58
0x00007febab2c4a08:   00007febe49e1042 0000000085025d60
0x00007febab2c4a18:   00007febab2c4a18 00007febe310299b
0x00007febab2c4a28:   00007febab2c4a68 00007febe318a138 

Instructions: (pc=0x00007febe4a427ba)
0x00007febe4a4279a:   00 00 00 00 00 00 44 8b 15 2d 74 9b 15 4c 8b ce
0x00007febe4a427aa:   41 f6 c2 01 0f 85 2e 00 00 00 4d 33 ca 4d 33 ca
0x00007febe4a427ba:   4d 8b 09 4c 8b da 49 c1 eb 02 4b 8b 04 19 49 bb
0x00007febe4a427ca:   d4 9b 3f fa eb 7f 00 00 4c 33 d8 4c 33 d8 45 3b 

Register to memory mapping:

RAX=0x00007febfa3cd040: <offset 0xef5040> in /usr/lib/jvm/java-8-openjdk-amd64/jre/lib/amd64/server/libjvm.so at 0x00007febf94d8000
RBX=0x00007febf43341e0 is an unknown value
RCX=0x0000000000000000 is an unknown value
RDX=0x0000000000000042 is an unknown value
RSP=0x00007febab2c4838 is pointing into the stack for thread: 0x00007febf4334000
RBP=0x00007febab2c4860 is pointing into the stack for thread: 0x00007febf4334000
RSI=0x0000000000000000 is an unknown value
RDI=0x00007febf43341e0 is an unknown value
R8 =0x0000000085031650 is an oop
sun.util.logging.PlatformLogger$Level 
 - klass: 'sun/util/logging/PlatformLogger$Level'
R9 =0x0000000000000000 is an unknown value
R10=0x0000000000000406 is an unknown value
R11=0x00007febe4aeef18 is at entry_point+24 in (nmethod*)0x00007febe4aeed90
R12=0x00007feb90fa0760 is an unknown value
R13=0x0000000000000000 is an unknown value
R14=0x00007febe1143b00: <offset 0x258b00> in /usr/lib/jvm/java-8-openjdk-amd64/jre/lib/amd64/libawt_xawt.so at 0x00007febe0eeb000
R15=0x00007febf4334000 is a thread


Stack: [0x00007febab1c5000,0x00007febab2c6000],  sp=0x00007febab2c4838,  free space=1022k
Native frames: (J=compiled Java code, j=interpreted, Vv=VM code, C=native code)
v  ~BufferBlob::jni_fast_GetLongField
C  [libX11.so.6+0x643c0]  _XimServerDestroy+0x70

Java frames: (J=compiled Java code, j=interpreted, Vv=VM code)
J 1563  sun.awt.X11.XlibWrapper.XFilterEvent(JJ)Z (0 bytes) @ 0x00007febe4aeef44 [0x00007febe4aeef00+0x44]
j  sun.awt.X11.XToolkit.run(Z)V+300
j  sun.awt.X11.XToolkit.run()V+5
j  java.lang.Thread.run()V+11
v  ~StubRoutines::call_stub

---------------  P R O C E S S  ---------------

Java Threads: ( => current thread )
  0x00007feb91051800 JavaThread "SwingWorker-pool-1-thread-10" daemon [_thread_blocked, id=9599, stack(0x00007feba8dda000,0x00007feba8edb000)]
  0x00007feb91050000 JavaThread "SwingWorker-pool-1-thread-9" daemon [_thread_blocked, id=9598, stack(0x00007feba90e6000,0x00007feba91e7000)]
  0x00007feb900ba000 JavaThread "SwingWorker-pool-1-thread-8" daemon [_thread_blocked, id=9597, stack(0x00007feba91e7000,0x00007feba92e8000)]
  0x00007feb900b9800 JavaThread "SwingWorker-pool-1-thread-7" daemon [_thread_blocked, id=9596, stack(0x00007feba92e8000,0x00007feba93e9000)]
  0x00007feb900b8800 JavaThread "SwingWorker-pool-1-thread-6" daemon [_thread_blocked, id=9595, stack(0x00007feba93e9000,0x00007feba94ea000)]
  0x00007feb900b8000 JavaThread "SwingWorker-pool-1-thread-5" daemon [_thread_blocked, id=9594, stack(0x00007feba97eb000,0x00007feba98ec000)]
  0x00007feb900b7000 JavaThread "SwingWorker-pool-1-thread-4" daemon [_thread_blocked, id=9593, stack(0x00007febaa313000,0x00007febaa414000)]
  0x00007feb900b6800 JavaThread "SwingWorker-pool-1-thread-3" daemon [_thread_blocked, id=9589, stack(0x00007feba98ec000,0x00007feba99ed000)]
  0x00007feb90fec800 JavaThread "SwingWorker-pool-1-thread-2" daemon [_thread_blocked, id=9581, stack(0x00007feba96ea000,0x00007feba97eb000)]
  0x00007feb90f94800 JavaThread "SwingWorker-pool-1-thread-1" daemon [_thread_blocked, id=9486, stack(0x00007febaa012000,0x00007febaa113000)]
  0x00007feb90f25000 JavaThread "TimerQueue" daemon [_thread_blocked, id=9484, stack(0x00007febaa796000,0x00007febaa897000)]
  0x00007feb90f0b800 JavaThread "Timer-0" [_thread_blocked, id=9483, stack(0x00007febaa897000,0x00007febaa998000)]
  0x00007febf400a000 JavaThread "DestroyJavaVM" [_thread_blocked, id=9465, stack(0x00007febfb121000,0x00007febfb222000)]
  0x00007febf4338000 JavaThread "AWT-EventQueue-0" [_thread_blocked, id=9482, stack(0x00007febaafc3000,0x00007febab0c4000)]
  0x00007febf4336800 JavaThread "AWT-Shutdown" [_thread_blocked, id=9481, stack(0x00007febab0c4000,0x00007febab1c5000)]
=>0x00007febf4334000 JavaThread "AWT-XAWT" daemon [_thread_in_native, id=9480, stack(0x00007febab1c5000,0x00007febab2c6000)]
  0x00007febf4313000 JavaThread "Java2D Disposer" daemon [_thread_blocked, id=9479, stack(0x00007febe0036000,0x00007febe0137000)]
  0x00007febf4189800 JavaThread "Service Thread" daemon [_thread_blocked, id=9477, stack(0x00007febe1516000,0x00007febe1617000)]
  0x00007febf417a000 JavaThread "C1 CompilerThread2" daemon [_thread_blocked, id=9476, stack(0x00007febe1617000,0x00007febe1718000)]
  0x00007febf4178000 JavaThread "C2 CompilerThread1" daemon [_thread_blocked, id=9475, stack(0x00007febe1718000,0x00007febe1819000)]
  0x00007febf4175000 JavaThread "C2 CompilerThread0" daemon [_thread_blocked, id=9474, stack(0x00007febe1819000,0x00007febe191a000)]
  0x00007febf4173000 JavaThread "Signal Dispatcher" daemon [_thread_blocked, id=9473, stack(0x00007febe191a000,0x00007febe1a1b000)]
  0x00007febf414a800 JavaThread "Finalizer" daemon [_thread_blocked, id=9472, stack(0x00007febe1cf4000,0x00007febe1df5000)]
  0x00007febf4146000 JavaThread "Reference Handler" daemon [_thread_blocked, id=9471, stack(0x00007febe1df5000,0x00007febe1ef6000)]

Other Threads:
  0x00007febf413e800 VMThread [stack: 0x00007febe1ef6000,0x00007febe1ff7000] [id=9470]
  0x00007febf418c000 WatcherThread [stack: 0x00007febe1415000,0x00007febe1516000] [id=9478]

VM state:not at safepoint (normal execution)

VM Mutex/Monitor currently owned by a thread: None

Heap:
 PSYoungGen      total 41984K, used 34296K [0x00000000d7000000, 0x00000000da300000, 0x0000000100000000)
  eden space 41472K, 82% used [0x00000000d7000000,0x00000000d9159ad0,0x00000000d9880000)
  from space 512K, 28% used [0x00000000da280000,0x00000000da2a4738,0x00000000da300000)
  to   space 512K, 0% used [0x00000000da200000,0x00000000da200000,0x00000000da280000)
 ParOldGen       total 84992K, used 10817K [0x0000000085000000, 0x000000008a300000, 0x00000000d7000000)
  object space 84992K, 12% used [0x0000000085000000,0x0000000085a90470,0x000000008a300000)
 Metaspace       used 18688K, capacity 19004K, committed 19456K, reserved 1067008K
  class space    used 2101K, capacity 2208K, committed 2304K, reserved 1048576K

Card table byte_map: [0x00007febe4240000,0x00007febe4619000] byte_map_base: 0x00007febe3e18000

Marking Bits: (ParMarkBitMap*) 0x00007febfa3f92c0
 Begin Bits: [0x00007febd8280000, 0x00007febda140000)
 End Bits:   [0x00007febda140000, 0x00007febdc000000)

Polling page: 0x00007febfb24c000

CodeCache: size=245760Kb used=12918Kb max_used=12942Kb free=232841Kb
 bounds [0x00007febe49d9000, 0x00007febe5699000, 0x00007febf39d9000]
 total_blobs=4029 nmethods=3419 adapters=521
 compilation: enabled

Compilation events (10 events):
Event: 2050,607 Thread 0x00007febf417a000 4155       3       java.awt.event.ComponentAdapter::componentMoved (1 bytes)
Event: 2050,608 Thread 0x00007febf417a000 nmethod 4155 0x00007febe520b150 code [0x00007febe520b2a0, 0x00007febe520b3f0]
Event: 5500,711 Thread 0x00007febf4178000 4156       4       java.awt.event.ComponentEvent::<init> (7 bytes)
Event: 5500,714 Thread 0x00007febf4178000 nmethod 4156 0x00007febe53e1510 code [0x00007febe53e1680, 0x00007febe53e1858]
Event: 5500,714 Thread 0x00007febf417a000 4157       3       javax.swing.plaf.metal.MetalScrollBarUI::getMinimumThumbSize (16 bytes)
Event: 5500,714 Thread 0x00007febf417a000 nmethod 4157 0x00007febe55695d0 code [0x00007febe5569740, 0x00007febe5569a10]
Event: 5500,715 Thread 0x00007febf417a000 4158       3       javax.swing.plaf.metal.MetalScrollBarUI::setThumbBounds (157 bytes)
Event: 5500,716 Thread 0x00007febf417a000 nmethod 4158 0x00007febe5672510 code [0x00007febe5672700, 0x00007febe56730e8]
Event: 5500,726 Thread 0x00007febf417a000 4159       3       sun.awt.X11.WindowPropertyGetter::getData (25 bytes)
Event: 5500,727 Thread 0x00007febf417a000 nmethod 4159 0x00007febe567e910 code [0x00007febe567eaa0, 0x00007febe567ee48]

GC Heap History (10 events):
Event: 2045,584 GC heap before
{Heap before GC invocations=140 (full 0):
 PSYoungGen      total 29696K, used 29344K [0x00000000d7000000, 0x00000000d9380000, 0x0000000100000000)
  eden space 29184K, 100% used [0x00000000d7000000,0x00000000d8c80000,0x00000000d8c80000)
  from space 512K, 31% used [0x00000000d8c80000,0x00000000d8ca8000,0x00000000d8d00000)
  to   space 512K, 0% used [0x00000000d9300000,0x00000000d9300000,0x00000000d9380000)
 ParOldGen       total 84992K, used 10562K [0x0000000085000000, 0x000000008a300000, 0x00000000d7000000)
  object space 84992K, 12% used [0x0000000085000000,0x0000000085a50a68,0x000000008a300000)
 Metaspace       used 18666K, capacity 19004K, committed 19456K, reserved 1067008K
  class space    used 2101K, capacity 2208K, committed 2304K, reserved 1048576K
Event: 2045,587 GC heap after
Heap after GC invocations=140 (full 0):
 PSYoungGen      total 35840K, used 96K [0x00000000d7000000, 0x00000000d9380000, 0x0000000100000000)
  eden space 35328K, 0% used [0x00000000d7000000,0x00000000d7000000,0x00000000d9280000)
  from space 512K, 18% used [0x00000000d9300000,0x00000000d9318000,0x00000000d9380000)
  to   space 512K, 0% used [0x00000000d9280000,0x00000000d9280000,0x00000000d9300000)
 ParOldGen       total 84992K, used 10628K [0x0000000085000000, 0x000000008a300000, 0x00000000d7000000)
  object space 84992K, 12% used [0x0000000085000000,0x0000000085a61320,0x000000008a300000)
 Metaspace       used 18666K, capacity 19004K, committed 19456K, reserved 1067008K
  class space    used 2101K, capacity 2208K, committed 2304K, reserved 1048576K
}
Event: 2045,860 GC heap before
{Heap before GC invocations=141 (full 0):
 PSYoungGen      total 35840K, used 35424K [0x00000000d7000000, 0x00000000d9380000, 0x0000000100000000)
  eden space 35328K, 100% used [0x00000000d7000000,0x00000000d9280000,0x00000000d9280000)
  from space 512K, 18% used [0x00000000d9300000,0x00000000d9318000,0x00000000d9380000)
  to   space 512K, 0% used [0x00000000d9280000,0x00000000d9280000,0x00000000d9300000)
 ParOldGen       total 84992K, used 10628K [0x0000000085000000, 0x000000008a300000, 0x00000000d7000000)
  object space 84992K, 12% used [0x0000000085000000,0x0000000085a61320,0x000000008a300000)
 Metaspace       used 18666K, capacity 19004K, committed 19456K, reserved 1067008K
  class space    used 2101K, capacity 2208K, committed 2304K, reserved 1048576K
Event: 2045,865 GC heap after
Heap after GC invocations=141 (full 0):
 PSYoungGen      total 35840K, used 64K [0x00000000d7000000, 0x00000000d9a80000, 0x0000000100000000)
  eden space 35328K, 0% used [0x00000000d7000000,0x00000000d7000000,0x00000000d9280000)
  from space 512K, 12% used [0x00000000d9280000,0x00000000d9290000,0x00000000d9300000)
  to   space 512K, 0% used [0x00000000d9a00000,0x00000000d9a00000,0x00000000d9a80000)
 ParOldGen       total 84992K, used 10652K [0x0000000085000000, 0x000000008a300000, 0x00000000d7000000)
  object space 84992K, 12% used [0x0000000085000000,0x0000000085a67320,0x000000008a300000)
 Metaspace       used 18666K, capacity 19004K, committed 19456K, reserved 1067008K
  class space    used 2101K, capacity 2208K, committed 2304K, reserved 1048576K
}
Event: 2046,356 GC heap before
{Heap before GC invocations=142 (full 0):
 PSYoungGen      total 35840K, used 35392K [0x00000000d7000000, 0x00000000d9a80000, 0x0000000100000000)
  eden space 35328K, 100% used [0x00000000d7000000,0x00000000d9280000,0x00000000d9280000)
  from space 512K, 12% used [0x00000000d9280000,0x00000000d9290000,0x00000000d9300000)
  to   space 512K, 0% used [0x00000000d9a00000,0x00000000d9a00000,0x00000000d9a80000)
 ParOldGen       total 84992K, used 10652K [0x0000000085000000, 0x000000008a300000, 0x00000000d7000000)
  object space 84992K, 12% used [0x0000000085000000,0x0000000085a67320,0x000000008a300000)
 Metaspace       used 18666K, capacity 19004K, committed 19456K, reserved 1067008K
  class space    used 2101K, capacity 2208K, committed 2304K, reserved 1048576K
Event: 2046,364 GC heap after
Heap after GC invocations=142 (full 0):
 PSYoungGen      total 43008K, used 164K [0x00000000d7000000, 0x00000000d9a80000, 0x0000000100000000)
  eden space 42496K, 0% used [0x00000000d7000000,0x00000000d7000000,0x00000000d9980000)
  from space 512K, 32% used [0x00000000d9a00000,0x00000000d9a29050,0x00000000d9a80000)
  to   space 512K, 0% used [0x00000000d9980000,0x00000000d9980000,0x00000000d9a00000)
 ParOldGen       total 84992K, used 10676K [0x0000000085000000, 0x000000008a300000, 0x00000000d7000000)
  object space 84992K, 12% used [0x0000000085000000,0x0000000085a6d320,0x000000008a300000)
 Metaspace       used 18666K, capacity 19004K, committed 19456K, reserved 1067008K
  class space    used 2101K, capacity 2208K, committed 2304K, reserved 1048576K
}
Event: 2049,060 GC heap before
{Heap before GC invocations=143 (full 0):
 PSYoungGen      total 43008K, used 42660K [0x00000000d7000000, 0x00000000d9a80000, 0x0000000100000000)
  eden space 42496K, 100% used [0x00000000d7000000,0x00000000d9980000,0x00000000d9980000)
  from space 512K, 32% used [0x00000000d9a00000,0x00000000d9a29050,0x00000000d9a80000)
  to   space 512K, 0% used [0x00000000d9980000,0x00000000d9980000,0x00000000d9a00000)
 ParOldGen       total 84992K, used 10676K [0x0000000085000000, 0x000000008a300000, 0x00000000d7000000)
  object space 84992K, 12% used [0x0000000085000000,0x0000000085a6d320,0x000000008a300000)
 Metaspace       used 18669K, capacity 19004K, committed 19456K, reserved 1067008K
  class space    used 2101K, capacity 2208K, committed 2304K, reserved 1048576K
Event: 2049,068 GC heap after
Heap after GC invocations=143 (full 0):
 PSYoungGen      total 43008K, used 64K [0x00000000d7000000, 0x00000000da300000, 0x0000000100000000)
  eden space 42496K, 0% used [0x00000000d7000000,0x00000000d7000000,0x00000000d9980000)
  from space 512K, 12% used [0x00000000d9980000,0x00000000d9990000,0x00000000d9a00000)
  to   space 512K, 0% used [0x00000000da280000,0x00000000da280000,0x00000000da300000)
 ParOldGen       total 84992K, used 10785K [0x0000000085000000, 0x000000008a300000, 0x00000000d7000000)
  object space 84992K, 12% used [0x0000000085000000,0x0000000085a88470,0x000000008a300000)
 Metaspace       used 18669K, capacity 19004K, committed 19456K, reserved 1067008K
  class space    used 2101K, capacity 2208K, committed 2304K, reserved 1048576K
}
Event: 2050,364 GC heap before
{Heap before GC invocations=144 (full 0):
 PSYoungGen      total 43008K, used 42560K [0x00000000d7000000, 0x00000000da300000, 0x0000000100000000)
  eden space 42496K, 100% used [0x00000000d7000000,0x00000000d9980000,0x00000000d9980000)
  from space 512K, 12% used [0x00000000d9980000,0x00000000d9990000,0x00000000d9a00000)
  to   space 512K, 0% used [0x00000000da280000,0x00000000da280000,0x00000000da300000)
 ParOldGen       total 84992K, used 10785K [0x0000000085000000, 0x000000008a300000, 0x00000000d7000000)
  object space 84992K, 12% used [0x0000000085000000,0x0000000085a88470,0x000000008a300000)
 Metaspace       used 18669K, capacity 19004K, committed 19456K, reserved 1067008K
  class space    used 2101K, capacity 2208K, committed 2304K, reserved 1048576K
Event: 2050,369 GC heap after
Heap after GC invocations=144 (full 0):
 PSYoungGen      total 41984K, used 145K [0x00000000d7000000, 0x00000000da300000, 0x0000000100000000)
  eden space 41472K, 0% used [0x00000000d7000000,0x00000000d7000000,0x00000000d9880000)
  from space 512K, 28% used [0x00000000da280000,0x00000000da2a4738,0x00000000da300000)
  to   space 512K, 0% used [0x00000000da200000,0x00000000da200000,0x00000000da280000)
 ParOldGen       total 84992K, used 10817K [0x0000000085000000, 0x000000008a300000, 0x00000000d7000000)
  object space 84992K, 12% used [0x0000000085000000,0x0000000085a90470,0x000000008a300000)
 Metaspace       used 18669K, capacity 19004K, committed 19456K, reserved 1067008K
  class space    used 2101K, capacity 2208K, committed 2304K, reserved 1048576K
}

Deoptimization events (10 events):
Event: 844,559 Thread 0x00007febf4338000 Uncommon trap: reason=unstable_if action=reinterpret pc=0x00007febe53e2bc8 method=java.awt.Font.getFont2D()Lsun/font/Font2D; @ 72
Event: 849,109 Thread 0x00007febf4338000 Uncommon trap: reason=unstable_if action=reinterpret pc=0x00007febe5478560 method=javax.swing.SwingUtilities.computeIntersection(IIIILjava/awt/Rectangle;)Ljava/awt/Rectangle; @ 159
Event: 854,991 Thread 0x00007febf4338000 Uncommon trap: reason=bimorphic action=maybe_recompile pc=0x00007febe50abcd8 method=javax.swing.AbstractListModel.fireIntervalAdded(Ljava/lang/Object;II)V @ 64
Event: 856,040 Thread 0x00007febf4338000 Uncommon trap: reason=unstable_if action=reinterpret pc=0x00007febe527d740 method=javax.swing.SwingUtilities.computeIntersection(IIIILjava/awt/Rectangle;)Ljava/awt/Rectangle; @ 159
Event: 857,733 Thread 0x00007feb900b8800 Uncommon trap: reason=unstable_if action=reinterpret pc=0x00007febe4e50488 method=pt.ulisboa.tecnico.iac.LayoutMain$P3run.doInBackground()Ljava/lang/Integer; @ 64
Event: 1453,018 Thread 0x00007febf4338000 Uncommon trap: reason=unstable_if action=reinterpret pc=0x00007febe555f05c method=javax.swing.RepaintManager.addDirtyRegion0(Ljava/awt/Container;IIII)V @ 108
Event: 1858,161 Thread 0x00007febf4334000 Uncommon trap: reason=class_check action=maybe_recompile pc=0x00007febe4e10b48 method=sun.awt.X11.XBaseWindow.dispatchEvent(Lsun/awt/X11/XEvent;)V @ 230
Event: 1973,117 Thread 0x00007feb900b7000 Uncommon trap: reason=unstable_if action=reinterpret pc=0x00007febe508d7f4 method=pt.ulisboa.tecnico.iac.P3.compute(ZSSZZSSZZZSSZ)V @ 384
Event: 1977,886 Thread 0x00007feb900b8800 Uncommon trap: reason=unstable_if action=reinterpret pc=0x00007febe54ac574 method=pt.ulisboa.tecnico.iac.P3.ALU(III)I @ 288
Event: 1977,894 Thread 0x00007feb900b8800 Uncommon trap: reason=unstable_if action=reinterpret pc=0x00007febe4e55110 method=pt.ulisboa.tecnico.iac.LayoutMain$P3run.doInBackground()Ljava/lang/Integer; @ 64

Internal exceptions (10 events):
Event: 122,726 Thread 0x00007febf4338000 Implicit null exception at 0x00007febe4f89e54 to 0x00007febe4f8a031
Event: 159,560 Thread 0x00007febf4338000 Exception <a 'java/lang/UnsupportedOperationException': > (0x00000000d84d6748) thrown at [/build/openjdk-8-W2Qe27/openjdk-8-8u151-b12/src/hotspot/src/share/vm/prims/jni.cpp, line 735]
Event: 386,212 Thread 0x00007febf4338000 Exception <a 'java/lang/UnsupportedOperationException': > (0x00000000d7e86030) thrown at [/build/openjdk-8-W2Qe27/openjdk-8-8u151-b12/src/hotspot/src/share/vm/prims/jni.cpp, line 735]
Event: 400,205 Thread 0x00007febf4338000 Exception <a 'java/lang/UnsupportedOperationException': > (0x00000000d73aded0) thrown at [/build/openjdk-8-W2Qe27/openjdk-8-8u151-b12/src/hotspot/src/share/vm/prims/jni.cpp, line 735]
Event: 651,097 Thread 0x00007febf4338000 Exception <a 'java/lang/UnsupportedOperationException': > (0x00000000d7dc5790) thrown at [/build/openjdk-8-W2Qe27/openjdk-8-8u151-b12/src/hotspot/src/share/vm/prims/jni.cpp, line 735]
Event: 797,194 Thread 0x00007febf4338000 Exception <a 'java/lang/UnsupportedOperationException': > (0x00000000d76ede70) thrown at [/build/openjdk-8-W2Qe27/openjdk-8-8u151-b12/src/hotspot/src/share/vm/prims/jni.cpp, line 735]
Event: 826,452 Thread 0x00007febf4338000 Exception <a 'java/lang/UnsupportedOperationException': > (0x00000000d794e408) thrown at [/build/openjdk-8-W2Qe27/openjdk-8-8u151-b12/src/hotspot/src/share/vm/prims/jni.cpp, line 735]
Event: 844,559 Thread 0x00007febf4338000 Implicit null exception at 0x00007febe53e19fe to 0x00007febe53e2b95
Event: 1655,923 Thread 0x00007febf4338000 Exception <a 'java/lang/UnsupportedOperationException': > (0x00000000d722bb88) thrown at [/build/openjdk-8-W2Qe27/openjdk-8-8u151-b12/src/hotspot/src/share/vm/prims/jni.cpp, line 735]
Event: 1859,140 Thread 0x00007febf4338000 Exception <a 'java/lang/UnsupportedOperationException': > (0x00000000d7cd3428) thrown at [/build/openjdk-8-W2Qe27/openjdk-8-8u151-b12/src/hotspot/src/share/vm/prims/jni.cpp, line 735]

Events (10 events):
Event: 2045,865 Executing VM operation: ParallelGCFailedAllocation done
Event: 2046,355 Executing VM operation: ParallelGCFailedAllocation
Event: 2046,364 Executing VM operation: ParallelGCFailedAllocation done
Event: 2049,060 Executing VM operation: ParallelGCFailedAllocation
Event: 2049,069 Executing VM operation: ParallelGCFailedAllocation done
Event: 2050,364 Executing VM operation: ParallelGCFailedAllocation
Event: 2050,370 Executing VM operation: ParallelGCFailedAllocation done
Event: 5500,488 loading class sun/awt/X11/XDestroyWindowEvent
Event: 5500,488 loading class sun/awt/X11/XDestroyWindowEvent done
Event: 5500,716 Thread 0x00007febf417a000 flushing nmethod 0x00007febe4be1990


Dynamic libraries:
00400000-00401000 r-xp 00000000 08:02 11545745                           /usr/lib/jvm/java-8-openjdk-amd64/jre/bin/java
00600000-00601000 r--p 00000000 08:02 11545745                           /usr/lib/jvm/java-8-openjdk-amd64/jre/bin/java
00601000-00602000 rw-p 00001000 08:02 11545745                           /usr/lib/jvm/java-8-openjdk-amd64/jre/bin/java
01c02000-01c23000 rw-p 00000000 00:00 0                                  [heap]
85000000-8a300000 rw-p 00000000 00:00 0 
8a300000-d7000000 ---p 00000000 00:00 0 
d7000000-da300000 rw-p 00000000 00:00 0 
da300000-100000000 ---p 00000000 00:00 0 
100000000-100240000 rw-p 00000000 00:00 0 
100240000-140000000 ---p 00000000 00:00 0 
7feb5c000000-7feb5c021000 rw-p 00000000 00:00 0 
7feb5c021000-7feb60000000 ---p 00000000 00:00 0 
7feb60000000-7feb60021000 rw-p 00000000 00:00 0 
7feb60021000-7feb64000000 ---p 00000000 00:00 0 
7feb64000000-7feb64021000 rw-p 00000000 00:00 0 
7feb64021000-7feb68000000 ---p 00000000 00:00 0 
7feb68000000-7feb68021000 rw-p 00000000 00:00 0 
7feb68021000-7feb6c000000 ---p 00000000 00:00 0 
7feb6c000000-7feb6c021000 rw-p 00000000 00:00 0 
7feb6c021000-7feb70000000 ---p 00000000 00:00 0 
7feb70000000-7feb70021000 rw-p 00000000 00:00 0 
7feb70021000-7feb74000000 ---p 00000000 00:00 0 
7feb74000000-7feb74021000 rw-p 00000000 00:00 0 
7feb74021000-7feb78000000 ---p 00000000 00:00 0 
7feb78000000-7feb78021000 rw-p 00000000 00:00 0 
7feb78021000-7feb7c000000 ---p 00000000 00:00 0 
7feb7c000000-7feb7c021000 rw-p 00000000 00:00 0 
7feb7c021000-7feb80000000 ---p 00000000 00:00 0 
7feb80000000-7feb80021000 rw-p 00000000 00:00 0 
7feb80021000-7feb84000000 ---p 00000000 00:00 0 
7feb84000000-7feb84021000 rw-p 00000000 00:00 0 
7feb84021000-7feb88000000 ---p 00000000 00:00 0 
7feb88000000-7feb88021000 rw-p 00000000 00:00 0 
7feb88021000-7feb8c000000 ---p 00000000 00:00 0 
7feb8c000000-7feb8c021000 rw-p 00000000 00:00 0 
7feb8c021000-7feb90000000 ---p 00000000 00:00 0 
7feb90000000-7feb9107c000 rw-p 00000000 00:00 0 
7feb9107c000-7feb94000000 ---p 00000000 00:00 0 
7feb94fff000-7feb98000000 rw-p 00000000 00:00 0 
7feb98000000-7feb98021000 rw-p 00000000 00:00 0 
7feb98021000-7feb9c000000 ---p 00000000 00:00 0 
7feb9c000000-7feb9c021000 rw-p 00000000 00:00 0 
7feb9c021000-7feba0000000 ---p 00000000 00:00 0 
7feba0000000-7feba0021000 rw-p 00000000 00:00 0 
7feba0021000-7feba4000000 ---p 00000000 00:00 0 
7feba4000000-7feba4021000 rw-p 00000000 00:00 0 
7feba4021000-7feba8000000 ---p 00000000 00:00 0 
7feba89d8000-7feba8a98000 rw-p 00000000 00:00 0 
7feba8a98000-7feba8bdb000 ---p 00000000 00:00 0 
7feba8bdb000-7feba8cd9000 rw-p 00000000 00:00 0 
7feba8cd9000-7feba8cdc000 ---p 00000000 00:00 0 
7feba8cdc000-7feba8dda000 rw-p 00000000 00:00 0 
7feba8dda000-7feba8ddd000 ---p 00000000 00:00 0 
7feba8ddd000-7feba8edb000 rw-p 00000000 00:00 0 
7feba8edb000-7feba8ee2000 r--s 00000000 08:02 9316215                    /var/cache/fontconfig/4be9850f182b35c1350b6bbf2e42601c-le64.cache-6
7feba8ee2000-7feba8ee4000 r--s 00000000 08:02 9316213                    /var/cache/fontconfig/30a99c4256905863f7aa12b5e873c27c-le64.cache-6
7feba8ee4000-7feba8ee5000 r--s 00000000 08:02 9316210                    /var/cache/fontconfig/087e1975ba9a574b140bb1df193bf770-le64.cache-6
7feba8ee5000-7feba8ee9000 r--s 00000000 08:02 9308264                    /var/cache/fontconfig/6aa41aa22e18b8fa06a12da28ea9c28b-le64.cache-6
7feba8ee9000-7feba8ef4000 r--s 00000000 08:02 9311215                    /var/cache/fontconfig/945677eb7aeaf62f1d50efc3fb3ec7d8-le64.cache-6
7feba8ef4000-7feba8ef6000 r--s 00000000 08:02 9318055                    /var/cache/fontconfig/99e8ed0e538f840c565b6ed5dad60d56-le64.cache-6
7feba8ef6000-7feba8eff000 r--s 00000000 08:02 9318054                    /var/cache/fontconfig/a6d8cf8e4ec09cdbc8633c31745a07dd-le64.cache-6
7feba8eff000-7feba8f05000 r--s 00000000 08:02 9313650                    /var/cache/fontconfig/2cd17615ca594fa2959ae173292e504c-le64.cache-6
7feba8f05000-7feba8f06000 r--s 00000000 08:02 9313622                    /var/cache/fontconfig/0d8c3b2ac0904cb8a57a757ad11a4a08-le64.cache-6
7feba8f06000-7feba8f0a000 r--s 00000000 08:02 9313619                    /var/cache/fontconfig/de156ccd2eddbdc19d37a45b8b2aac9c-le64.cache-6
7feba8f0a000-7feba8f1f000 r--s 00000000 08:02 9313618                    /var/cache/fontconfig/04aabc0a78ac019cf9454389977116d2-le64.cache-6
7feba8f1f000-7feba8f20000 r--s 00000000 08:02 9313617                    /var/cache/fontconfig/1ac9eb803944fde146138c791f5cc56a-le64.cache-6
7feba8f20000-7feba8f21000 r--s 00000000 08:02 9316198                    /var/cache/fontconfig/b95bc8ffbebda2bbdae4265e45b8178d-le64.cache-6
7feba8f21000-7feba8f25000 r--s 00000000 08:02 9313609                    /var/cache/fontconfig/385c0604a188198f04d133e54aba7fe7-le64.cache-6
7feba8f25000-7feba8f26000 r--s 00000000 08:02 9316195                    /var/cache/fontconfig/9c956a7723ca69a44b382d9179c9802f-le64.cache-6
7feba8f26000-7feba8f27000 r--s 00000000 08:02 9313594                    /var/cache/fontconfig/dc05db6664285cc2f12bf69c139ae4c3-le64.cache-6
7feba8f27000-7feba8f28000 r--s 00000000 08:02 9316189                    /var/cache/fontconfig/5d1cca7074f29429a8d18692746c2426-le64.cache-6
7feba8f28000-7feba8f2b000 r--s 00000000 08:02 9313593                    /var/cache/fontconfig/767a8244fc0220cfb567a839d0392e0b-le64.cache-6
7feba8f2b000-7feba8f2c000 r--s 00000000 08:02 9315760                    /var/cache/fontconfig/4794a0821666d79190d59a36cb4f44b5-le64.cache-6
7feba8f2c000-7feba8f2d000 r--s 00000000 08:02 9316185                    /var/cache/fontconfig/9eae20f1ff8cc0a7d125749e875856bd-le64.cache-6
7feba8f2d000-7feba8f6d000 r--s 00000000 08:02 9313551                    /var/cache/fontconfig/0bd3dc0958fa2205aaaa8ebb13e2872b-le64.cache-6
7feba8f6d000-7feba8f70000 r--s 00000000 08:02 9316182                    /var/cache/fontconfig/bf2c1853a9e9b00bb02fe2e9bcf1e201-le64.cache-6
7feba8f70000-7feba8f75000 r--s 00000000 08:02 9313540                    /var/cache/fontconfig/8801497958630a81b71ace7c5f9b32a8-le64.cache-6
7feba8f75000-7feba8fb0000 r--s 00000000 08:02 9318168                    /var/cache/fontconfig/365b55f210c0a22e9a19e35191240f32-le64.cache-6
7feba8fb0000-7feba8fb1000 r--s 00000000 08:02 9313509                    /var/cache/fontconfig/bab58bb527bb656aaa9f116d68a48d89-le64.cache-6
7feba8fb1000-7feba8fb8000 r--s 00000000 08:02 9313486                    /var/cache/fontconfig/3047814df9a2f067bd2d96a2b9c36e5a-le64.cache-6
7feba8fb8000-7feba8fc0000 r--s 00000000 08:02 9316180                    /var/cache/fontconfig/bf3b770c553c462765856025a94f1ce6-le64.cache-6
7feba8fc0000-7feba8fc1000 r--s 00000000 08:02 9313454                    /var/cache/fontconfig/56cf4f4769d0f4abc89a4895d7bd3ae1-le64.cache-6
7feba8fc1000-7feba8fc2000 r--s 00000000 08:02 9313338                    /var/cache/fontconfig/b9d506c9ac06c20b433354fa67a72993-le64.cache-6
7feba8fc2000-7feba8fc8000 r--s 00000000 08:02 9313324                    /var/cache/fontconfig/b47c4e1ecd0709278f4910c18777a504-le64.cache-6
7feba8fc8000-7feba8fcb000 r--s 00000000 08:02 9316177                    /var/cache/fontconfig/14d493b97896515cad3840ba4896e372-le64.cache-6
7feba8fcb000-7feba8fd3000 r--s 00000000 08:02 9318053                    /var/cache/fontconfig/52f7bdb7ce746bfd7eaa1985bd9cfa93-le64.cache-6
7feba8fd3000-7feba8fd6000 r--s 00000000 08:02 9316171                    /var/cache/fontconfig/e49e89034d371f0f9de17aab02136486-le64.cache-6
7feba8fd6000-7feba8fd8000 r--s 00000000 08:02 9316165                    /var/cache/fontconfig/4b14b093aebc79c320de5e86ae1d3314-le64.cache-6
7feba8fd8000-7feba8fd9000 r--s 00000000 08:02 9316162                    /var/cache/fontconfig/8aec10f4cc8391dcef22ca549f1e4354-le64.cache-6
7feba8fd9000-7feba8fec000 r--s 00000000 08:02 9313323                    /var/cache/fontconfig/d52a8644073d54c13679302ca1180695-le64.cache-6
7feba8fec000-7feba8fed000 r--s 00000000 08:02 9313221                    /var/cache/fontconfig/551ecf3b0e8b0bca0f25c0944f561853-le64.cache-6
7feba8fed000-7feba8fee000 r--s 00000000 08:02 9316159                    /var/cache/fontconfig/8a687c406b77f27d99abfeeba937fcce-le64.cache-6
7feba8fee000-7feba8ff3000 r--s 00000000 08:02 9316157                    /var/cache/fontconfig/75ad6aa2358a85f0de2c8ee4837e8227-le64.cache-6
7feba8ff3000-7feba8ff4000 r--s 00000000 08:02 9316154                    /var/cache/fontconfig/ac2cf712d852da827a87a9baf682f5b9-le64.cache-6
7feba8ff4000-7feba8ff6000 r--s 00000000 08:02 9316145                    /var/cache/fontconfig/65f976e5259cbe6dc7697b8648396239-le64.cache-6
7feba8ff6000-7feba9001000 r--s 00000000 08:02 9315422                    /var/cache/fontconfig/d589a48862398ed80a3d6066f4f56f4c-le64.cache-6
7feba9001000-7feba9005000 r--s 00000000 08:02 9316144                    /var/cache/fontconfig/246184dc75a16901ca37d96895904249-le64.cache-6
7feba9005000-7feba9006000 r--s 00000000 08:02 9316140                    /var/cache/fontconfig/94f7fe9bd33aadfac165873bd010d595-le64.cache-6
7feba9006000-7feba9008000 r--s 00000000 08:02 9316134                    /var/cache/fontconfig/423767150eb258c59035de29db6fca84-le64.cache-6
7feba9008000-7feba9009000 r--s 00000000 08:02 9316132                    /var/cache/fontconfig/845c20fd2c4814bcec78e05d37a63ccc-le64.cache-6
7feba9009000-7feba900a000 r--s 00000000 08:02 9316129                    /var/cache/fontconfig/e7de81b01590fb7e12b38e274e17d0db-le64.cache-6
7feba900a000-7feba900b000 r--s 00000000 08:02 9316122                    /var/cache/fontconfig/406a1d2d2bf3ed7664fbadefac0b2f66-le64.cache-6
7feba900b000-7feba900d000 r--s 00000000 08:02 9316120                    /var/cache/fontconfig/67709b7835c0f764c1135060c9575660-le64.cache-6
7feba900d000-7feba900e000 r--s 00000000 08:02 9313016                    /var/cache/fontconfig/30829fa25452a46451e813d634d7f916-le64.cache-6
7feba900e000-7feba901c000 r--s 00000000 08:02 9316117                    /var/cache/fontconfig/198d8fcf01c96d0cf813f74fd759bdb7-le64.cache-6
7feba901c000-7feba901d000 r--s 00000000 08:02 9313007                    /var/cache/fontconfig/0c9eb80ebd1c36541ebe2852d3bb0c49-le64.cache-6
7feba901d000-7feba9020000 r--s 00000000 08:02 9316114                    /var/cache/fontconfig/75114ca45c98e8a441da0ff356701271-le64.cache-6
7feba9020000-7feba902b000 r--s 00000000 08:02 9316112                    /var/cache/fontconfig/83bf95040141907cd45bb53cf7c1c148-le64.cache-6
7feba902b000-7feba902f000 r--s 00000000 08:02 9312925                    /var/cache/fontconfig/0843ca893a93b5446bad221815920e23-le64.cache-6
7feba902f000-7feba9041000 r--s 00000000 08:02 9312923                    /var/cache/fontconfig/9b89f8e3dae116d678bbf48e5f21f69b-le64.cache-6
7feba9041000-7feba904a000 r--s 00000000 08:02 9309629                    /var/cache/fontconfig/d0972c3d32f097851eb916381fc38920-le64.cache-6
7feba904a000-7feba904c000 r--s 00000000 08:02 9316110                    /var/cache/fontconfig/6e6b34ae150a7ad95e82fb4a522f0bda-le64.cache-6
7feba904c000-7feba904d000 r--s 00000000 08:02 9316104                    /var/cache/fontconfig/3334a778d104e76d188e9df399bc24d2-le64.cache-6
7feba904d000-7feba9054000 r--s 00000000 08:02 9316102                    /var/cache/fontconfig/53d14c92082a93e67d5078324eb314ca-le64.cache-6
7feba9054000-7feba9058000 r--s 00000000 08:02 9316099                    /var/cache/fontconfig/6c08beecf0dac481ec92e759e0c2e6d7-le64.cache-6
7feba9058000-7feba905c000 r--s 00000000 08:02 9316092                    /var/cache/fontconfig/4d6aee6d44eccb37054d3216e945f618-le64.cache-6
7feba905c000-7feba9060000 r--s 00000000 08:02 9316090                    /var/cache/fontconfig/d6c6df98c3df5faf9bd0f8ef4d91efe5-le64.cache-6
7feba9060000-7feba9064000 r--s 00000000 08:02 9316085                    /var/cache/fontconfig/9fb319ef52839f11ee26ab8b4cffa12b-le64.cache-6
7feba9064000-7feba9077000 r--s 00000000 08:02 9316077                    /var/cache/fontconfig/4ac51e5cfbc76fc3f983e470323a16d3-le64.cache-6
7feba9077000-7feba907a000 r--s 00000000 08:02 9316073                    /var/cache/fontconfig/c19b55eb3b4c5b40ea175e31682068a5-le64.cache-6
7feba907a000-7feba907e000 r--s 00000000 08:02 9316067                    /var/cache/fontconfig/3629f2adf904f9a612908891fae71ceb-le64.cache-6
7feba90e6000-7feba90e9000 ---p 00000000 00:00 0 
7feba90e9000-7feba91e7000 rw-p 00000000 00:00 0 
7feba91e7000-7feba91ea000 ---p 00000000 00:00 0 
7feba91ea000-7feba92e8000 rw-p 00000000 00:00 0 
7feba92e8000-7feba92eb000 ---p 00000000 00:00 0 
7feba92eb000-7feba93e9000 rw-p 00000000 00:00 0 
7feba93e9000-7feba93ec000 ---p 00000000 00:00 0 
7feba93ec000-7feba96ea000 rw-p 00000000 00:00 0 
7feba96ea000-7feba96ed000 ---p 00000000 00:00 0 
7feba96ed000-7feba97eb000 rw-p 00000000 00:00 0 
7feba97eb000-7feba97ee000 ---p 00000000 00:00 0 
7feba97ee000-7feba98ec000 rw-p 00000000 00:00 0 
7feba98ec000-7feba98ef000 ---p 00000000 00:00 0 
7feba98ef000-7feba99ed000 rw-p 00000000 00:00 0 
7feba99ed000-7feba9a04000 r-xp 00000000 08:02 274460                     /lib/x86_64-linux-gnu/libresolv-2.23.so
7feba9a04000-7feba9c04000 ---p 00017000 08:02 274460                     /lib/x86_64-linux-gnu/libresolv-2.23.so
7feba9c04000-7feba9c05000 r--p 00017000 08:02 274460                     /lib/x86_64-linux-gnu/libresolv-2.23.so
7feba9c05000-7feba9c06000 rw-p 00018000 08:02 274460                     /lib/x86_64-linux-gnu/libresolv-2.23.so
7feba9c06000-7feba9c08000 rw-p 00000000 00:00 0 
7feba9c08000-7feba9c0d000 r-xp 00000000 08:02 274447                     /lib/x86_64-linux-gnu/libnss_dns-2.23.so
7feba9c0d000-7feba9e0d000 ---p 00005000 08:02 274447                     /lib/x86_64-linux-gnu/libnss_dns-2.23.so
7feba9e0d000-7feba9e0e000 r--p 00005000 08:02 274447                     /lib/x86_64-linux-gnu/libnss_dns-2.23.so
7feba9e0e000-7feba9e0f000 rw-p 00006000 08:02 274447                     /lib/x86_64-linux-gnu/libnss_dns-2.23.so
7feba9e0f000-7feba9e11000 r-xp 00000000 08:02 266771                     /lib/x86_64-linux-gnu/libnss_mdns4_minimal.so.2
7feba9e11000-7febaa010000 ---p 00002000 08:02 266771                     /lib/x86_64-linux-gnu/libnss_mdns4_minimal.so.2
7febaa010000-7febaa011000 r--p 00001000 08:02 266771                     /lib/x86_64-linux-gnu/libnss_mdns4_minimal.so.2
7febaa011000-7febaa012000 rw-p 00002000 08:02 266771                     /lib/x86_64-linux-gnu/libnss_mdns4_minimal.so.2
7febaa012000-7febaa015000 ---p 00000000 00:00 0 
7febaa015000-7febaa313000 rw-p 00000000 00:00 0 
7febaa313000-7febaa316000 ---p 00000000 00:00 0 
7febaa316000-7febaa414000 rw-p 00000000 00:00 0 
7febaa414000-7febaa41b000 r--s 00000000 08:02 9316215                    /var/cache/fontconfig/4be9850f182b35c1350b6bbf2e42601c-le64.cache-6
7febaa41b000-7febaa41d000 r--s 00000000 08:02 9316213                    /var/cache/fontconfig/30a99c4256905863f7aa12b5e873c27c-le64.cache-6
7febaa41d000-7febaa41e000 r--s 00000000 08:02 9316210                    /var/cache/fontconfig/087e1975ba9a574b140bb1df193bf770-le64.cache-6
7febaa41e000-7febaa422000 r--s 00000000 08:02 9308264                    /var/cache/fontconfig/6aa41aa22e18b8fa06a12da28ea9c28b-le64.cache-6
7febaa422000-7febaa42d000 r--s 00000000 08:02 9311215                    /var/cache/fontconfig/945677eb7aeaf62f1d50efc3fb3ec7d8-le64.cache-6
7febaa42d000-7febaa42f000 r--s 00000000 08:02 9318055                    /var/cache/fontconfig/99e8ed0e538f840c565b6ed5dad60d56-le64.cache-6
7febaa42f000-7febaa438000 r--s 00000000 08:02 9318054                    /var/cache/fontconfig/a6d8cf8e4ec09cdbc8633c31745a07dd-le64.cache-6
7febaa438000-7febaa43e000 r--s 00000000 08:02 9313650                    /var/cache/fontconfig/2cd17615ca594fa2959ae173292e504c-le64.cache-6
7febaa43e000-7febaa43f000 r--s 00000000 08:02 9313622                    /var/cache/fontconfig/0d8c3b2ac0904cb8a57a757ad11a4a08-le64.cache-6
7febaa43f000-7febaa443000 r--s 00000000 08:02 9313619                    /var/cache/fontconfig/de156ccd2eddbdc19d37a45b8b2aac9c-le64.cache-6
7febaa443000-7febaa458000 r--s 00000000 08:02 9313618                    /var/cache/fontconfig/04aabc0a78ac019cf9454389977116d2-le64.cache-6
7febaa458000-7febaa459000 r--s 00000000 08:02 9313617                    /var/cache/fontconfig/1ac9eb803944fde146138c791f5cc56a-le64.cache-6
7febaa459000-7febaa45a000 r--s 00000000 08:02 9316198                    /var/cache/fontconfig/b95bc8ffbebda2bbdae4265e45b8178d-le64.cache-6
7febaa45a000-7febaa45e000 r--s 00000000 08:02 9313609                    /var/cache/fontconfig/385c0604a188198f04d133e54aba7fe7-le64.cache-6
7febaa45e000-7febaa45f000 r--s 00000000 08:02 9316195                    /var/cache/fontconfig/9c956a7723ca69a44b382d9179c9802f-le64.cache-6
7febaa45f000-7febaa460000 r--s 00000000 08:02 9313594                    /var/cache/fontconfig/dc05db6664285cc2f12bf69c139ae4c3-le64.cache-6
7febaa460000-7febaa461000 r--s 00000000 08:02 9316189                    /var/cache/fontconfig/5d1cca7074f29429a8d18692746c2426-le64.cache-6
7febaa461000-7febaa464000 r--s 00000000 08:02 9313593                    /var/cache/fontconfig/767a8244fc0220cfb567a839d0392e0b-le64.cache-6
7febaa464000-7febaa465000 r--s 00000000 08:02 9315760                    /var/cache/fontconfig/4794a0821666d79190d59a36cb4f44b5-le64.cache-6
7febaa465000-7febaa466000 r--s 00000000 08:02 9316185                    /var/cache/fontconfig/9eae20f1ff8cc0a7d125749e875856bd-le64.cache-6
7febaa466000-7febaa4a6000 r--s 00000000 08:02 9313551                    /var/cache/fontconfig/0bd3dc0958fa2205aaaa8ebb13e2872b-le64.cache-6
7febaa4a6000-7febaa4a9000 r--s 00000000 08:02 9316182                    /var/cache/fontconfig/bf2c1853a9e9b00bb02fe2e9bcf1e201-le64.cache-6
7febaa4a9000-7febaa4ae000 r--s 00000000 08:02 9313540                    /var/cache/fontconfig/8801497958630a81b71ace7c5f9b32a8-le64.cache-6
7febaa4ae000-7febaa4e9000 r--s 00000000 08:02 9318168                    /var/cache/fontconfig/365b55f210c0a22e9a19e35191240f32-le64.cache-6
7febaa4e9000-7febaa4ea000 r--s 00000000 08:02 9313509                    /var/cache/fontconfig/bab58bb527bb656aaa9f116d68a48d89-le64.cache-6
7febaa4ea000-7febaa4f1000 r--s 00000000 08:02 9313486                    /var/cache/fontconfig/3047814df9a2f067bd2d96a2b9c36e5a-le64.cache-6
7febaa4f1000-7febaa4f9000 r--s 00000000 08:02 9316180                    /var/cache/fontconfig/bf3b770c553c462765856025a94f1ce6-le64.cache-6
7febaa4f9000-7febaa4fa000 r--s 00000000 08:02 9313454                    /var/cache/fontconfig/56cf4f4769d0f4abc89a4895d7bd3ae1-le64.cache-6
7febaa4fa000-7febaa4fb000 r--s 00000000 08:02 9313338                    /var/cache/fontconfig/b9d506c9ac06c20b433354fa67a72993-le64.cache-6
7febaa4fb000-7febaa501000 r--s 00000000 08:02 9313324                    /var/cache/fontconfig/b47c4e1ecd0709278f4910c18777a504-le64.cache-6
7febaa501000-7febaa504000 r--s 00000000 08:02 9316177                    /var/cache/fontconfig/14d493b97896515cad3840ba4896e372-le64.cache-6
7febaa504000-7febaa50c000 r--s 00000000 08:02 9318053                    /var/cache/fontconfig/52f7bdb7ce746bfd7eaa1985bd9cfa93-le64.cache-6
7febaa50c000-7febaa50f000 r--s 00000000 08:02 9316171                    /var/cache/fontconfig/e49e89034d371f0f9de17aab02136486-le64.cache-6
7febaa50f000-7febaa511000 r--s 00000000 08:02 9316165                    /var/cache/fontconfig/4b14b093aebc79c320de5e86ae1d3314-le64.cache-6
7febaa511000-7febaa512000 r--s 00000000 08:02 9316162                    /var/cache/fontconfig/8aec10f4cc8391dcef22ca549f1e4354-le64.cache-6
7febaa512000-7febaa525000 r--s 00000000 08:02 9313323                    /var/cache/fontconfig/d52a8644073d54c13679302ca1180695-le64.cache-6
7febaa525000-7febaa526000 r--s 00000000 08:02 9313221                    /var/cache/fontconfig/551ecf3b0e8b0bca0f25c0944f561853-le64.cache-6
7febaa526000-7febaa527000 r--s 00000000 08:02 9316159                    /var/cache/fontconfig/8a687c406b77f27d99abfeeba937fcce-le64.cache-6
7febaa527000-7febaa52c000 r--s 00000000 08:02 9316157                    /var/cache/fontconfig/75ad6aa2358a85f0de2c8ee4837e8227-le64.cache-6
7febaa52c000-7febaa52e000 r--s 00000000 08:02 9316079                    /var/cache/fontconfig/43bfe21a9e1edebcf703d79ee2950b06-le64.cache-6
7febaa52e000-7febaa52f000 r--s 00000000 08:02 9316068                    /var/cache/fontconfig/c277e94e32b20404286a1ddafa5a80f0-le64.cache-6
7febaa52f000-7febaa532000 r--s 00000000 08:02 9316063                    /var/cache/fontconfig/de83a0a961185c8bd1f159015d56c039-le64.cache-6
7febaa532000-7febaa548000 r--s 00000000 08:02 9316055                    /var/cache/fontconfig/e13b20fdb08344e0e664864cc2ede53d-le64.cache-6
7febaa548000-7febaa54d000 r--s 00000000 08:02 9308420                    /var/cache/fontconfig/7ef2298fde41cc6eeb7af42e48b7d293-le64.cache-6
7febaa54d000-7febaa54f000 r--s 00000000 08:02 9316019                    /var/cache/fontconfig/16326683038b281783a0ef8c680e3a10-le64.cache-6
7febaa54f000-7febaa55c000 r--s 00000000 08:02 9315932                    /var/cache/fontconfig/8f02d4cb045bd6ce15663e43f347c9f8-le64.cache-6
7febaa55c000-7febaa55d000 r--s 00000000 08:02 9306531                    /var/cache/fontconfig/e0aa53bcfa504e64f87823c16bc01eb6-le64.cache-6
7febaa55d000-7febaa57e000 r--s 00000000 08:02 9306518                    /var/cache/fontconfig/467c019e582ee353435ea5c21d137ef6-le64.cache-6
7febaa596000-7febaa796000 rw-p 00000000 00:00 0 
7febaa796000-7febaa799000 ---p 00000000 00:00 0 
7febaa799000-7febaa897000 rw-p 00000000 00:00 0 
7febaa897000-7febaa89a000 ---p 00000000 00:00 0 
7febaa89a000-7febaab98000 rw-p 00000000 00:00 0 
7febaab98000-7febaabaf000 r-xp 00000000 08:02 11540445                   /usr/lib/jvm/java-8-openjdk-amd64/jre/lib/amd64/libnet.so
7febaabaf000-7febaadae000 ---p 00017000 08:02 11540445                   /usr/lib/jvm/java-8-openjdk-amd64/jre/lib/amd64/libnet.so
7febaadae000-7febaadaf000 r--p 00016000 08:02 11540445                   /usr/lib/jvm/java-8-openjdk-amd64/jre/lib/amd64/libnet.so
7febaadaf000-7febaadb0000 rw-p 00017000 08:02 11540445                   /usr/lib/jvm/java-8-openjdk-amd64/jre/lib/amd64/libnet.so
7febaadb0000-7febaadc1000 r-xp 00000000 08:02 11545701                   /usr/lib/jvm/java-8-openjdk-amd64/jre/lib/amd64/libnio.so
7febaadc1000-7febaafc1000 ---p 00011000 08:02 11545701                   /usr/lib/jvm/java-8-openjdk-amd64/jre/lib/amd64/libnio.so
7febaafc1000-7febaafc2000 r--p 00011000 08:02 11545701                   /usr/lib/jvm/java-8-openjdk-amd64/jre/lib/amd64/libnio.so
7febaafc2000-7febaafc3000 rw-p 00012000 08:02 11545701                   /usr/lib/jvm/java-8-openjdk-amd64/jre/lib/amd64/libnio.so
7febaafc3000-7febaafc6000 ---p 00000000 00:00 0 
7febaafc6000-7febab0c4000 rw-p 00000000 00:00 0 
7febab0c4000-7febab0c7000 ---p 00000000 00:00 0 
7febab0c7000-7febab1c5000 rw-p 00000000 00:00 0 
7febab1c5000-7febab1c8000 ---p 00000000 00:00 0 
7febab1c8000-7febab2c6000 rw-p 00000000 00:00 0 
7febab2c6000-7febab2cb000 r-xp 00000000 08:02 11541954                   /usr/lib/x86_64-linux-gnu/libXfixes.so.3.1.0
7febab2cb000-7febab4ca000 ---p 00005000 08:02 11541954                   /usr/lib/x86_64-linux-gnu/libXfixes.so.3.1.0
7febab4ca000-7febab4cb000 r--p 00004000 08:02 11541954                   /usr/lib/x86_64-linux-gnu/libXfixes.so.3.1.0
7febab4cb000-7febab4cc000 rw-p 00005000 08:02 11541954                   /usr/lib/x86_64-linux-gnu/libXfixes.so.3.1.0
7febab4cc000-7febab4d5000 r-xp 00000000 08:02 11541946                   /usr/lib/x86_64-linux-gnu/libXcursor.so.1.0.2
7febab4d5000-7febab6d4000 ---p 00009000 08:02 11541946                   /usr/lib/x86_64-linux-gnu/libXcursor.so.1.0.2
7febab6d4000-7febab6d5000 r--p 00008000 08:02 11541946                   /usr/lib/x86_64-linux-gnu/libXcursor.so.1.0.2
7febab6d5000-7febab6d6000 rw-p 00009000 08:02 11541946                   /usr/lib/x86_64-linux-gnu/libXcursor.so.1.0.2
7febab6d6000-7febab6fa000 r-xp 00000000 08:02 266807                     /lib/x86_64-linux-gnu/libpng12.so.0.54.0
7febab6fa000-7febab8f9000 ---p 00024000 08:02 266807                     /lib/x86_64-linux-gnu/libpng12.so.0.54.0
7febab8f9000-7febab8fa000 r--p 00023000 08:02 266807                     /lib/x86_64-linux-gnu/libpng12.so.0.54.0
7febab8fa000-7febab8fb000 rw-p 00024000 08:02 266807                     /lib/x86_64-linux-gnu/libpng12.so.0.54.0
7febab8fb000-7febab99f000 r-xp 00000000 08:02 11535869                   /usr/lib/x86_64-linux-gnu/libfreetype.so.6.12.1
7febab99f000-7febabb9e000 ---p 000a4000 08:02 11535869                   /usr/lib/x86_64-linux-gnu/libfreetype.so.6.12.1
7febabb9e000-7febabba4000 r--p 000a3000 08:02 11535869                   /usr/lib/x86_64-linux-gnu/libfreetype.so.6.12.1
7febabba4000-7febabba5000 rw-p 000a9000 08:02 11535869                   /usr/lib/x86_64-linux-gnu/libfreetype.so.6.12.1
7febabba5000-7febabbf7000 r-xp 00000000 08:02 11540433                   /usr/lib/jvm/java-8-openjdk-amd64/jre/lib/amd64/libfontmanager.so
7febabbf7000-7febabdf7000 ---p 00052000 08:02 11540433                   /usr/lib/jvm/java-8-openjdk-amd64/jre/lib/amd64/libfontmanager.so
7febabdf7000-7febabdf9000 r--p 00052000 08:02 11540433                   /usr/lib/jvm/java-8-openjdk-amd64/jre/lib/amd64/libfontmanager.so
7febabdf9000-7febabdfa000 rw-p 00054000 08:02 11540433                   /usr/lib/jvm/java-8-openjdk-amd64/jre/lib/amd64/libfontmanager.so
7febabdfa000-7febabdff000 r-xp 00000000 08:02 11541950                   /usr/lib/x86_64-linux-gnu/libXdmcp.so.6.0.0
7febabdff000-7febabffe000 ---p 00005000 08:02 11541950                   /usr/lib/x86_64-linux-gnu/libXdmcp.so.6.0.0
7febabffe000-7febabfff000 r--p 00004000 08:02 11541950                   /usr/lib/x86_64-linux-gnu/libXdmcp.so.6.0.0
7febabfff000-7febac000000 rw-p 00005000 08:02 11541950                   /usr/lib/x86_64-linux-gnu/libXdmcp.so.6.0.0
7febac000000-7febac851000 rw-p 00000000 00:00 0 
7febac851000-7febb0000000 ---p 00000000 00:00 0 
7febb0000000-7febb0021000 rw-p 00000000 00:00 0 
7febb0021000-7febb4000000 ---p 00000000 00:00 0 
7febb4000000-7febb63ac000 rw-p 00000000 00:00 0 
7febb63ac000-7febb8000000 ---p 00000000 00:00 0 
7febb8000000-7febba024000 rw-p 00000000 00:00 0 
7febba024000-7febbc000000 ---p 00000000 00:00 0 
7febbc000000-7febbc021000 rw-p 00000000 00:00 0 
7febbc021000-7febc0000000 ---p 00000000 00:00 0 
7febc0000000-7febc0021000 rw-p 00000000 00:00 0 
7febc0021000-7febc4000000 ---p 00000000 00:00 0 
7febc4000000-7febc4069000 rw-p 00000000 00:00 0 
7febc4069000-7febc8000000 ---p 00000000 00:00 0 
7febc8000000-7febc8021000 rw-p 00000000 00:00 0 
7febc8021000-7febcc000000 ---p 00000000 00:00 0 
7febcc000000-7febcc021000 rw-p 00000000 00:00 0 
7febcc021000-7febd0000000 ---p 00000000 00:00 0 
7febd0000000-7febd0021000 rw-p 00000000 00:00 0 
7febd0021000-7febd4000000 ---p 00000000 00:00 0 
7febd4000000-7febd4021000 rw-p 00000000 00:00 0 
7febd4021000-7febd8000000 ---p 00000000 00:00 0 
7febd8000000-7febd8001000 r--s 00000000 08:02 9316154                    /var/cache/fontconfig/ac2cf712d852da827a87a9baf682f5b9-le64.cache-6
7febd8001000-7febd8003000 r--s 00000000 08:02 9316145                    /var/cache/fontconfig/65f976e5259cbe6dc7697b8648396239-le64.cache-6
7febd8003000-7febd800e000 r--s 00000000 08:02 9315422                    /var/cache/fontconfig/d589a48862398ed80a3d6066f4f56f4c-le64.cache-6
7febd800e000-7febd8012000 r--s 00000000 08:02 9316144                    /var/cache/fontconfig/246184dc75a16901ca37d96895904249-le64.cache-6
7febd8012000-7febd8013000 r--s 00000000 08:02 9316140                    /var/cache/fontconfig/94f7fe9bd33aadfac165873bd010d595-le64.cache-6
7febd8013000-7febd8015000 r--s 00000000 08:02 9316134                    /var/cache/fontconfig/423767150eb258c59035de29db6fca84-le64.cache-6
7febd8015000-7febd8016000 r--s 00000000 08:02 9316132                    /var/cache/fontconfig/845c20fd2c4814bcec78e05d37a63ccc-le64.cache-6
7febd8016000-7febd8017000 r--s 00000000 08:02 9316129                    /var/cache/fontconfig/e7de81b01590fb7e12b38e274e17d0db-le64.cache-6
7febd8017000-7febd8018000 r--s 00000000 08:02 9316122                    /var/cache/fontconfig/406a1d2d2bf3ed7664fbadefac0b2f66-le64.cache-6
7febd8018000-7febd801a000 r--s 00000000 08:02 9316120                    /var/cache/fontconfig/67709b7835c0f764c1135060c9575660-le64.cache-6
7febd801a000-7febd801b000 r--s 00000000 08:02 9313016                    /var/cache/fontconfig/30829fa25452a46451e813d634d7f916-le64.cache-6
7febd801b000-7febd8029000 r--s 00000000 08:02 9316117                    /var/cache/fontconfig/198d8fcf01c96d0cf813f74fd759bdb7-le64.cache-6
7febd8029000-7febd802c000 r--s 00000000 08:02 9316114                    /var/cache/fontconfig/75114ca45c98e8a441da0ff356701271-le64.cache-6
7febd802c000-7febd8037000 r--s 00000000 08:02 9316112                    /var/cache/fontconfig/83bf95040141907cd45bb53cf7c1c148-le64.cache-6
7febd8037000-7febd803b000 r--s 00000000 08:02 9312925                    /var/cache/fontconfig/0843ca893a93b5446bad221815920e23-le64.cache-6
7febd803b000-7febd804d000 r--s 00000000 08:02 9312923                    /var/cache/fontconfig/9b89f8e3dae116d678bbf48e5f21f69b-le64.cache-6
7febd804d000-7febd8056000 r--s 00000000 08:02 9309629                    /var/cache/fontconfig/d0972c3d32f097851eb916381fc38920-le64.cache-6
7febd8056000-7febd805d000 r--s 00000000 08:02 9316102                    /var/cache/fontconfig/53d14c92082a93e67d5078324eb314ca-le64.cache-6
7febd805d000-7febd8061000 r--s 00000000 08:02 9316099                    /var/cache/fontconfig/6c08beecf0dac481ec92e759e0c2e6d7-le64.cache-6
7febd8061000-7febd8065000 r--s 00000000 08:02 9316092                    /var/cache/fontconfig/4d6aee6d44eccb37054d3216e945f618-le64.cache-6
7febd8065000-7febd8069000 r--s 00000000 08:02 9316090                    /var/cache/fontconfig/d6c6df98c3df5faf9bd0f8ef4d91efe5-le64.cache-6
7febd8069000-7febd807c000 r--s 00000000 08:02 9316077                    /var/cache/fontconfig/4ac51e5cfbc76fc3f983e470323a16d3-le64.cache-6
7febd807c000-7febd807e000 r-xp 00000000 08:02 11541939                   /usr/lib/x86_64-linux-gnu/libXau.so.6.0.0
7febd807e000-7febd827e000 ---p 00002000 08:02 11541939                   /usr/lib/x86_64-linux-gnu/libXau.so.6.0.0
7febd827e000-7febd827f000 r--p 00002000 08:02 11541939                   /usr/lib/x86_64-linux-gnu/libXau.so.6.0.0
7febd827f000-7febd8280000 rw-p 00003000 08:02 11541939                   /usr/lib/x86_64-linux-gnu/libXau.so.6.0.0
7febd8280000-7febdc000000 rw-p 00000000 00:00 0 
7febdc000000-7febdc021000 rw-p 00000000 00:00 0 
7febdc021000-7febe0000000 ---p 00000000 00:00 0 
7febe0000000-7febe0001000 r--s 00000000 08:02 9313007                    /var/cache/fontconfig/0c9eb80ebd1c36541ebe2852d3bb0c49-le64.cache-6
7febe0001000-7febe0003000 r--s 00000000 08:02 9316110                    /var/cache/fontconfig/6e6b34ae150a7ad95e82fb4a522f0bda-le64.cache-6
7febe0003000-7febe0007000 r--s 00000000 08:02 9316085                    /var/cache/fontconfig/9fb319ef52839f11ee26ab8b4cffa12b-le64.cache-6
7febe0007000-7febe0009000 r--s 00000000 08:02 9316079                    /var/cache/fontconfig/43bfe21a9e1edebcf703d79ee2950b06-le64.cache-6
7febe0009000-7febe000c000 r--s 00000000 08:02 9316073                    /var/cache/fontconfig/c19b55eb3b4c5b40ea175e31682068a5-le64.cache-6
7febe000c000-7febe0010000 r--s 00000000 08:02 9316067                    /var/cache/fontconfig/3629f2adf904f9a612908891fae71ceb-le64.cache-6
7febe0010000-7febe0013000 r--s 00000000 08:02 9316063                    /var/cache/fontconfig/de83a0a961185c8bd1f159015d56c039-le64.cache-6
7febe0013000-7febe0029000 r--s 00000000 08:02 9316055                    /var/cache/fontconfig/e13b20fdb08344e0e664864cc2ede53d-le64.cache-6
7febe0029000-7febe0036000 r--s 00000000 08:02 9315932                    /var/cache/fontconfig/8f02d4cb045bd6ce15663e43f347c9f8-le64.cache-6
7febe0036000-7febe0039000 ---p 00000000 00:00 0 
7febe0039000-7febe0137000 rw-p 00000000 00:00 0 
7febe0137000-7febe0158000 r-xp 00000000 08:02 11543335                   /usr/lib/x86_64-linux-gnu/libxcb.so.1.1.0
7febe0158000-7febe0357000 ---p 00021000 08:02 11543335                   /usr/lib/x86_64-linux-gnu/libxcb.so.1.1.0
7febe0357000-7febe0358000 r--p 00020000 08:02 11543335                   /usr/lib/x86_64-linux-gnu/libxcb.so.1.1.0
7febe0358000-7febe0359000 rw-p 00021000 08:02 11543335                   /usr/lib/x86_64-linux-gnu/libxcb.so.1.1.0
7febe0359000-7febe0368000 r-xp 00000000 08:02 11541960                   /usr/lib/x86_64-linux-gnu/libXi.so.6.1.0
7febe0368000-7febe0567000 ---p 0000f000 08:02 11541960                   /usr/lib/x86_64-linux-gnu/libXi.so.6.1.0
7febe0567000-7febe0568000 r--p 0000e000 08:02 11541960                   /usr/lib/x86_64-linux-gnu/libXi.so.6.1.0
7febe0568000-7febe0569000 rw-p 0000f000 08:02 11541960                   /usr/lib/x86_64-linux-gnu/libXi.so.6.1.0
7febe0569000-7febe056e000 r-xp 00000000 08:02 11541978                   /usr/lib/x86_64-linux-gnu/libXtst.so.6.1.0
7febe056e000-7febe076d000 ---p 00005000 08:02 11541978                   /usr/lib/x86_64-linux-gnu/libXtst.so.6.1.0
7febe076d000-7febe076e000 r--p 00004000 08:02 11541978                   /usr/lib/x86_64-linux-gnu/libXtst.so.6.1.0
7febe076e000-7febe076f000 rw-p 00005000 08:02 11541978                   /usr/lib/x86_64-linux-gnu/libXtst.so.6.1.0
7febe076f000-7febe0778000 r-xp 00000000 08:02 11541972                   /usr/lib/x86_64-linux-gnu/libXrender.so.1.3.0
7febe0778000-7febe0977000 ---p 00009000 08:02 11541972                   /usr/lib/x86_64-linux-gnu/libXrender.so.1.3.0
7febe0977000-7febe0978000 r--p 00008000 08:02 11541972                   /usr/lib/x86_64-linux-gnu/libXrender.so.1.3.0
7febe0978000-7febe0979000 rw-p 00009000 08:02 11541972                   /usr/lib/x86_64-linux-gnu/libXrender.so.1.3.0
7febe0979000-7febe0aae000 r-xp 00000000 08:02 11541935                   /usr/lib/x86_64-linux-gnu/libX11.so.6.3.0
7febe0aae000-7febe0cae000 ---p 00135000 08:02 11541935                   /usr/lib/x86_64-linux-gnu/libX11.so.6.3.0
7febe0cae000-7febe0caf000 r--p 00135000 08:02 11541935                   /usr/lib/x86_64-linux-gnu/libX11.so.6.3.0
7febe0caf000-7febe0cb3000 rw-p 00136000 08:02 11541935                   /usr/lib/x86_64-linux-gnu/libX11.so.6.3.0
7febe0cb3000-7febe0cc4000 r-xp 00000000 08:02 11541952                   /usr/lib/x86_64-linux-gnu/libXext.so.6.4.0
7febe0cc4000-7febe0ec3000 ---p 00011000 08:02 11541952                   /usr/lib/x86_64-linux-gnu/libXext.so.6.4.0
7febe0ec3000-7febe0ec4000 r--p 00010000 08:02 11541952                   /usr/lib/x86_64-linux-gnu/libXext.so.6.4.0
7febe0ec4000-7febe0ec5000 rw-p 00011000 08:02 11541952                   /usr/lib/x86_64-linux-gnu/libXext.so.6.4.0
7febe0ec5000-7febe0eca000 r--s 00000000 08:02 9308420                    /var/cache/fontconfig/7ef2298fde41cc6eeb7af42e48b7d293-le64.cache-6
7febe0eca000-7febe0eeb000 r--s 00000000 08:02 9306518                    /var/cache/fontconfig/467c019e582ee353435ea5c21d137ef6-le64.cache-6
7febe0eeb000-7febe0f3f000 r-xp 00000000 08:02 11540435                   /usr/lib/jvm/java-8-openjdk-amd64/jre/lib/amd64/libawt_xawt.so
7febe0f3f000-7febe113f000 ---p 00054000 08:02 11540435                   /usr/lib/jvm/java-8-openjdk-amd64/jre/lib/amd64/libawt_xawt.so
7febe113f000-7febe1140000 r--p 00054000 08:02 11540435                   /usr/lib/jvm/java-8-openjdk-amd64/jre/lib/amd64/libawt_xawt.so
7febe1140000-7febe1143000 rw-p 00055000 08:02 11540435                   /usr/lib/jvm/java-8-openjdk-amd64/jre/lib/amd64/libawt_xawt.so
7febe1143000-7febe1144000 rw-p 00000000 00:00 0 
7febe1144000-7febe11e4000 r-xp 00000000 08:02 11545586                   /usr/lib/jvm/java-8-openjdk-amd64/jre/lib/amd64/libawt.so
7febe11e4000-7febe13e4000 ---p 000a0000 08:02 11545586                   /usr/lib/jvm/java-8-openjdk-amd64/jre/lib/amd64/libawt.so
7febe13e4000-7febe13e5000 r--p 000a0000 08:02 11545586                   /usr/lib/jvm/java-8-openjdk-amd64/jre/lib/amd64/libawt.so
7febe13e5000-7febe13f0000 rw-p 000a1000 08:02 11545586                   /usr/lib/jvm/java-8-openjdk-amd64/jre/lib/amd64/libawt.so
7febe13f0000-7febe1415000 rw-p 00000000 00:00 0 
7febe1415000-7febe1416000 ---p 00000000 00:00 0 
7febe1416000-7febe1516000 rw-p 00000000 00:00 0 
7febe1516000-7febe1519000 ---p 00000000 00:00 0 
7febe1519000-7febe1617000 rw-p 00000000 00:00 0 
7febe1617000-7febe161a000 ---p 00000000 00:00 0 
7febe161a000-7febe1718000 rw-p 00000000 00:00 0 
7febe1718000-7febe171b000 ---p 00000000 00:00 0 
7febe171b000-7febe1819000 rw-p 00000000 00:00 0 
7febe1819000-7febe181c000 ---p 00000000 00:00 0 
7febe181c000-7febe191a000 rw-p 00000000 00:00 0 
7febe191a000-7febe191d000 ---p 00000000 00:00 0 
7febe191d000-7febe1a1b000 rw-p 00000000 00:00 0 
7febe1a1b000-7febe1cf4000 r--p 00000000 08:02 11539125                   /usr/lib/locale/locale-archive
7febe1cf4000-7febe1cf7000 ---p 00000000 00:00 0 
7febe1cf7000-7febe1df5000 rw-p 00000000 00:00 0 
7febe1df5000-7febe1df8000 ---p 00000000 00:00 0 
7febe1df8000-7febe1ef6000 rw-p 00000000 00:00 0 
7febe1ef6000-7febe1ef7000 ---p 00000000 00:00 0 
7febe1ef7000-7febe2f06000 rw-p 00000000 00:00 0 
7febe2f06000-7febe30d5000 r--s 03c21000 08:02 11539401                   /usr/lib/jvm/java-8-openjdk-amd64/jre/lib/rt.jar
7febe30d5000-7febe3cad000 rw-p 00000000 00:00 0 
7febe3cad000-7febe3cae000 ---p 00000000 00:00 0 
7febe3cae000-7febe3dae000 rw-p 00000000 00:00 0 
7febe3dae000-7febe3daf000 ---p 00000000 00:00 0 
7febe3daf000-7febe3eaf000 rw-p 00000000 00:00 0 
7febe3eaf000-7febe3eb0000 ---p 00000000 00:00 0 
7febe3eb0000-7febe3fda000 rw-p 00000000 00:00 0 
7febe3fda000-7febe4240000 ---p 00000000 00:00 0 
7febe4240000-7febe426a000 rw-p 00000000 00:00 0 
7febe426a000-7febe44d0000 ---p 00000000 00:00 0 
7febe44d0000-7febe44ea000 rw-p 00000000 00:00 0 
7febe44ea000-7febe4618000 ---p 00000000 00:00 0 
7febe4618000-7febe464c000 rw-p 00000000 00:00 0 
7febe464c000-7febe49d9000 ---p 00000000 00:00 0 
7febe49d9000-7febe5699000 rwxp 00000000 00:00 0 
7febe5699000-7febf39d9000 ---p 00000000 00:00 0 
7febf39d9000-7febf39e1000 r-xp 00000000 08:02 11545587                   /usr/lib/jvm/java-8-openjdk-amd64/jre/lib/amd64/libzip.so
7febf39e1000-7febf3be0000 ---p 00008000 08:02 11545587                   /usr/lib/jvm/java-8-openjdk-amd64/jre/lib/amd64/libzip.so
7febf3be0000-7febf3be1000 r--p 00007000 08:02 11545587                   /usr/lib/jvm/java-8-openjdk-amd64/jre/lib/amd64/libzip.so
7febf3be1000-7febf3be2000 rw-p 00008000 08:02 11545587                   /usr/lib/jvm/java-8-openjdk-amd64/jre/lib/amd64/libzip.so
7febf3be2000-7febf3bed000 r-xp 00000000 08:02 274449                     /lib/x86_64-linux-gnu/libnss_files-2.23.so
7febf3bed000-7febf3dec000 ---p 0000b000 08:02 274449                     /lib/x86_64-linux-gnu/libnss_files-2.23.so
7febf3dec000-7febf3ded000 r--p 0000a000 08:02 274449                     /lib/x86_64-linux-gnu/libnss_files-2.23.so
7febf3ded000-7febf3dee000 rw-p 0000b000 08:02 274449                     /lib/x86_64-linux-gnu/libnss_files-2.23.so
7febf3dee000-7febf3df4000 rw-p 00000000 00:00 0 
7febf3df4000-7febf3dff000 r-xp 00000000 08:02 274452                     /lib/x86_64-linux-gnu/libnss_nis-2.23.so
7febf3dff000-7febf3ffe000 ---p 0000b000 08:02 274452                     /lib/x86_64-linux-gnu/libnss_nis-2.23.so
7febf3ffe000-7febf3fff000 r--p 0000a000 08:02 274452                     /lib/x86_64-linux-gnu/libnss_nis-2.23.so
7febf3fff000-7febf4000000 rw-p 0000b000 08:02 274452                     /lib/x86_64-linux-gnu/libnss_nis-2.23.so
7febf4000000-7febf433a000 rw-p 00000000 00:00 0 
7febf433a000-7febf8000000 ---p 00000000 00:00 0 
7febf8000000-7febf8001000 r--s 00000000 08:02 9316104                    /var/cache/fontconfig/3334a778d104e76d188e9df399bc24d2-le64.cache-6
7febf8001000-7febf8002000 r--s 00000000 08:02 9316068                    /var/cache/fontconfig/c277e94e32b20404286a1ddafa5a80f0-le64.cache-6
7febf8002000-7febf8004000 r--s 00000000 08:02 9316019                    /var/cache/fontconfig/16326683038b281783a0ef8c680e3a10-le64.cache-6
7febf8004000-7febf8005000 r--s 00000000 08:02 9306531                    /var/cache/fontconfig/e0aa53bcfa504e64f87823c16bc01eb6-le64.cache-6
7febf8005000-7febf800a000 r--s 0009a000 08:02 11545717                   /usr/lib/jvm/java-8-openjdk-amd64/jre/lib/jsse.jar
7febf800a000-7febf801d000 r--s 00346000 08:02 11545715                   /usr/lib/jvm/java-8-openjdk-amd64/jre/lib/resources.jar
7febf801d000-7febf8020000 r--s 00019000 08:02 10892331                   /home/bdinis/Documents/IST/Programming/Architecture/P3/p3sim/p3sim.jar
7febf8020000-7febf803b000 r--s 00394000 08:02 11539835                   /usr/lib/jvm/java-8-openjdk-amd64/jre/lib/ext/cldrdata.jar
7febf803b000-7febf8056000 r--s 001d6000 08:02 11539861                   /usr/lib/jvm/java-8-openjdk-amd64/jre/lib/ext/nashorn.jar
7febf8056000-7febf80cc000 rw-p 00000000 00:00 0 
7febf80cc000-7febf80cd000 ---p 00000000 00:00 0 
7febf80cd000-7febf81cd000 rw-p 00000000 00:00 0 
7febf81cd000-7febf81e3000 r-xp 00000000 08:02 262314                     /lib/x86_64-linux-gnu/libnsl-2.23.so
7febf81e3000-7febf83e2000 ---p 00016000 08:02 262314                     /lib/x86_64-linux-gnu/libnsl-2.23.so
7febf83e2000-7febf83e3000 r--p 00015000 08:02 262314                     /lib/x86_64-linux-gnu/libnsl-2.23.so
7febf83e3000-7febf83e4000 rw-p 00016000 08:02 262314                     /lib/x86_64-linux-gnu/libnsl-2.23.so
7febf83e4000-7febf83e6000 rw-p 00000000 00:00 0 
7febf83e6000-7febf83ee000 r-xp 00000000 08:02 274458                     /lib/x86_64-linux-gnu/libnss_compat-2.23.so
7febf83ee000-7febf85ed000 ---p 00008000 08:02 274458                     /lib/x86_64-linux-gnu/libnss_compat-2.23.so
7febf85ed000-7febf85ee000 r--p 00007000 08:02 274458                     /lib/x86_64-linux-gnu/libnss_compat-2.23.so
7febf85ee000-7febf85ef000 rw-p 00008000 08:02 274458                     /lib/x86_64-linux-gnu/libnss_compat-2.23.so
7febf85ef000-7febf861c000 r-xp 00000000 08:02 11540432                   /usr/lib/jvm/java-8-openjdk-amd64/jre/lib/amd64/libjava.so
7febf861c000-7febf881b000 ---p 0002d000 08:02 11540432                   /usr/lib/jvm/java-8-openjdk-amd64/jre/lib/amd64/libjava.so
7febf881b000-7febf881c000 r--p 0002c000 08:02 11540432                   /usr/lib/jvm/java-8-openjdk-amd64/jre/lib/amd64/libjava.so
7febf881c000-7febf881e000 rw-p 0002d000 08:02 11540432                   /usr/lib/jvm/java-8-openjdk-amd64/jre/lib/amd64/libjava.so
7febf881e000-7febf882d000 r-xp 00000000 08:02 11545585                   /usr/lib/jvm/java-8-openjdk-amd64/jre/lib/amd64/libverify.so
7febf882d000-7febf8a2c000 ---p 0000f000 08:02 11545585                   /usr/lib/jvm/java-8-openjdk-amd64/jre/lib/amd64/libverify.so
7febf8a2c000-7febf8a2e000 r--p 0000e000 08:02 11545585                   /usr/lib/jvm/java-8-openjdk-amd64/jre/lib/amd64/libverify.so
7febf8a2e000-7febf8a2f000 rw-p 00010000 08:02 11545585                   /usr/lib/jvm/java-8-openjdk-amd64/jre/lib/amd64/libverify.so
7febf8a2f000-7febf8a36000 r-xp 00000000 08:02 274454                     /lib/x86_64-linux-gnu/librt-2.23.so
7febf8a36000-7febf8c35000 ---p 00007000 08:02 274454                     /lib/x86_64-linux-gnu/librt-2.23.so
7febf8c35000-7febf8c36000 r--p 00006000 08:02 274454                     /lib/x86_64-linux-gnu/librt-2.23.so
7febf8c36000-7febf8c37000 rw-p 00007000 08:02 274454                     /lib/x86_64-linux-gnu/librt-2.23.so
7febf8c37000-7febf8c4d000 r-xp 00000000 08:02 266706                     /lib/x86_64-linux-gnu/libgcc_s.so.1
7febf8c4d000-7febf8e4c000 ---p 00016000 08:02 266706                     /lib/x86_64-linux-gnu/libgcc_s.so.1
7febf8e4c000-7febf8e4d000 rw-p 00015000 08:02 266706                     /lib/x86_64-linux-gnu/libgcc_s.so.1
7febf8e4d000-7febf8f55000 r-xp 00000000 08:02 274463                     /lib/x86_64-linux-gnu/libm-2.23.so
7febf8f55000-7febf9154000 ---p 00108000 08:02 274463                     /lib/x86_64-linux-gnu/libm-2.23.so
7febf9154000-7febf9155000 r--p 00107000 08:02 274463                     /lib/x86_64-linux-gnu/libm-2.23.so
7febf9155000-7febf9156000 rw-p 00108000 08:02 274463                     /lib/x86_64-linux-gnu/libm-2.23.so
7febf9156000-7febf92c8000 r-xp 00000000 08:02 11536966                   /usr/lib/x86_64-linux-gnu/libstdc++.so.6.0.21
7febf92c8000-7febf94c8000 ---p 00172000 08:02 11536966                   /usr/lib/x86_64-linux-gnu/libstdc++.so.6.0.21
7febf94c8000-7febf94d2000 r--p 00172000 08:02 11536966                   /usr/lib/x86_64-linux-gnu/libstdc++.so.6.0.21
7febf94d2000-7febf94d4000 rw-p 0017c000 08:02 11536966                   /usr/lib/x86_64-linux-gnu/libstdc++.so.6.0.21
7febf94d4000-7febf94d8000 rw-p 00000000 00:00 0 
7febf94d8000-7febfa12a000 r-xp 00000000 08:02 11540444                   /usr/lib/jvm/java-8-openjdk-amd64/jre/lib/amd64/server/libjvm.so
7febfa12a000-7febfa32a000 ---p 00c52000 08:02 11540444                   /usr/lib/jvm/java-8-openjdk-amd64/jre/lib/amd64/server/libjvm.so
7febfa32a000-7febfa3bd000 r--p 00c52000 08:02 11540444                   /usr/lib/jvm/java-8-openjdk-amd64/jre/lib/amd64/server/libjvm.so
7febfa3bd000-7febfa3e6000 rw-p 00ce5000 08:02 11540444                   /usr/lib/jvm/java-8-openjdk-amd64/jre/lib/amd64/server/libjvm.so
7febfa3e6000-7febfa416000 rw-p 00000000 00:00 0 
7febfa416000-7febfa42e000 r-xp 00000000 08:02 274451                     /lib/x86_64-linux-gnu/libpthread-2.23.so
7febfa42e000-7febfa62d000 ---p 00018000 08:02 274451                     /lib/x86_64-linux-gnu/libpthread-2.23.so
7febfa62d000-7febfa62e000 r--p 00017000 08:02 274451                     /lib/x86_64-linux-gnu/libpthread-2.23.so
7febfa62e000-7febfa62f000 rw-p 00018000 08:02 274451                     /lib/x86_64-linux-gnu/libpthread-2.23.so
7febfa62f000-7febfa633000 rw-p 00000000 00:00 0 
7febfa633000-7febfa636000 r-xp 00000000 08:02 274457                     /lib/x86_64-linux-gnu/libdl-2.23.so
7febfa636000-7febfa835000 ---p 00003000 08:02 274457                     /lib/x86_64-linux-gnu/libdl-2.23.so
7febfa835000-7febfa836000 r--p 00002000 08:02 274457                     /lib/x86_64-linux-gnu/libdl-2.23.so
7febfa836000-7febfa837000 rw-p 00003000 08:02 274457                     /lib/x86_64-linux-gnu/libdl-2.23.so
7febfa837000-7febfa850000 r-xp 00000000 08:02 262189                     /lib/x86_64-linux-gnu/libz.so.1.2.8
7febfa850000-7febfaa4f000 ---p 00019000 08:02 262189                     /lib/x86_64-linux-gnu/libz.so.1.2.8
7febfaa4f000-7febfaa50000 r--p 00018000 08:02 262189                     /lib/x86_64-linux-gnu/libz.so.1.2.8
7febfaa50000-7febfaa51000 rw-p 00019000 08:02 262189                     /lib/x86_64-linux-gnu/libz.so.1.2.8
7febfaa51000-7febfac11000 r-xp 00000000 08:02 274468                     /lib/x86_64-linux-gnu/libc-2.23.so
7febfac11000-7febfae11000 ---p 001c0000 08:02 274468                     /lib/x86_64-linux-gnu/libc-2.23.so
7febfae11000-7febfae15000 r--p 001c0000 08:02 274468                     /lib/x86_64-linux-gnu/libc-2.23.so
7febfae15000-7febfae17000 rw-p 001c4000 08:02 274468                     /lib/x86_64-linux-gnu/libc-2.23.so
7febfae17000-7febfae1b000 rw-p 00000000 00:00 0 
7febfae1b000-7febfae28000 r-xp 00000000 08:02 11545583                   /usr/lib/jvm/java-8-openjdk-amd64/jre/lib/amd64/jli/libjli.so
7febfae28000-7febfb028000 ---p 0000d000 08:02 11545583                   /usr/lib/jvm/java-8-openjdk-amd64/jre/lib/amd64/jli/libjli.so
7febfb028000-7febfb029000 r--p 0000d000 08:02 11545583                   /usr/lib/jvm/java-8-openjdk-amd64/jre/lib/amd64/jli/libjli.so
7febfb029000-7febfb02a000 rw-p 0000e000 08:02 11545583                   /usr/lib/jvm/java-8-openjdk-amd64/jre/lib/amd64/jli/libjli.so
7febfb02a000-7febfb050000 r-xp 00000000 08:02 274440                     /lib/x86_64-linux-gnu/ld-2.23.so
7febfb050000-7febfb051000 r--s 00010000 08:02 11539837                   /usr/lib/jvm/java-8-openjdk-amd64/jre/lib/ext/zipfs.jar
7febfb051000-7febfb121000 rw-p 00000000 00:00 0 
7febfb121000-7febfb124000 ---p 00000000 00:00 0 
7febfb124000-7febfb227000 rw-p 00000000 00:00 0 
7febfb227000-7febfb22a000 r--s 0000f000 08:02 11539643                   /usr/lib/jvm/java-8-openjdk-amd64/jre/lib/ext/icedtea-sound.jar
7febfb22a000-7febfb230000 r--s 0003a000 08:02 11539863                   /usr/lib/jvm/java-8-openjdk-amd64/jre/lib/ext/sunjce_provider.jar
7febfb230000-7febfb232000 r--s 00001000 08:02 11540412                   /usr/lib/jvm/java-8-openjdk-amd64/jre/lib/ext/dnsns.jar
7febfb232000-7febfb233000 r--s 0000a000 08:02 11540410                   /usr/lib/jvm/java-8-openjdk-amd64/jre/lib/ext/jaccess.jar
7febfb233000-7febfb237000 r--s 00037000 08:02 11540407                   /usr/lib/jvm/java-8-openjdk-amd64/jre/lib/ext/sunpkcs11.jar
7febfb237000-7febfb239000 r--s 00008000 08:02 11539865                   /usr/lib/jvm/java-8-openjdk-amd64/jre/lib/ext/sunec.jar
7febfb239000-7febfb243000 r--s 00116000 08:02 11539867                   /usr/lib/jvm/java-8-openjdk-amd64/jre/lib/ext/localedata.jar
7febfb243000-7febfb24b000 rw-s 00000000 08:02 918067                     /tmp/hsperfdata_bdinis/9464
7febfb24b000-7febfb24c000 rw-p 00000000 00:00 0 
7febfb24c000-7febfb24d000 r--p 00000000 00:00 0 
7febfb24d000-7febfb24f000 rw-p 00000000 00:00 0 
7febfb24f000-7febfb250000 r--p 00025000 08:02 274440                     /lib/x86_64-linux-gnu/ld-2.23.so
7febfb250000-7febfb251000 rw-p 00026000 08:02 274440                     /lib/x86_64-linux-gnu/ld-2.23.so
7febfb251000-7febfb252000 rw-p 00000000 00:00 0 
7ffd6dc3f000-7ffd6dc60000 rw-p 00000000 00:00 0                          [stack]
7ffd6dce3000-7ffd6dce5000 r--p 00000000 00:00 0                          [vvar]
7ffd6dce5000-7ffd6dce7000 r-xp 00000000 00:00 0                          [vdso]
ffffffffff600000-ffffffffff601000 r-xp 00000000 00:00 0                  [vsyscall]

VM Arguments:
java_command: /home/bdinis/Documents/IST/Programming/Architecture/P3/p3sim/p3sim.jar
java_class_path (initial): /home/bdinis/Documents/IST/Programming/Architecture/P3/p3sim/p3sim.jar
Launcher Type: SUN_STANDARD

Environment Variables:
PATH=/home/bdinis/bin:/opt/local/bin:/opt/local/sbin:/usr/local/sbin:/usr/local/bin:/usr/sbin:/usr/bin:/sbin:/bin:/usr/games:/usr/local/games:/snap/bin/usr/pycharm-community-2017.2.3/bin
SHELL=/bin/zsh
DISPLAY=:0

Signal Handlers:
SIGSEGV: [libjvm.so+0xa69040], sa_mask[0]=11111111011111111101111111111110, sa_flags=SA_RESTART|SA_SIGINFO
SIGBUS: [libjvm.so+0xa69040], sa_mask[0]=11111111011111111101111111111110, sa_flags=SA_RESTART|SA_SIGINFO
SIGFPE: [libjvm.so+0x8b2170], sa_mask[0]=11111111011111111101111111111110, sa_flags=SA_RESTART|SA_SIGINFO
SIGPIPE: [libjvm.so+0x8b2170], sa_mask[0]=11111111011111111101111111111110, sa_flags=SA_RESTART|SA_SIGINFO
SIGXFSZ: [libjvm.so+0x8b2170], sa_mask[0]=11111111011111111101111111111110, sa_flags=SA_RESTART|SA_SIGINFO
SIGILL: [libjvm.so+0x8b2170], sa_mask[0]=11111111011111111101111111111110, sa_flags=SA_RESTART|SA_SIGINFO
SIGUSR1: SIG_DFL, sa_mask[0]=00000000000000000000000000000000, sa_flags=none
SIGUSR2: [libjvm.so+0x8b2020], sa_mask[0]=00000000000000000000000000000000, sa_flags=SA_RESTART|SA_SIGINFO
SIGHUP: [libjvm.so+0x8b24f0], sa_mask[0]=11111111011111111101111111111110, sa_flags=SA_RESTART|SA_SIGINFO
SIGINT: [libjvm.so+0x8b24f0], sa_mask[0]=11111111011111111101111111111110, sa_flags=SA_RESTART|SA_SIGINFO
SIGTERM: [libjvm.so+0x8b24f0], sa_mask[0]=11111111011111111101111111111110, sa_flags=SA_RESTART|SA_SIGINFO
SIGQUIT: [libjvm.so+0x8b24f0], sa_mask[0]=11111111011111111101111111111110, sa_flags=SA_RESTART|SA_SIGINFO


---------------  S Y S T E M  ---------------

OS:DISTRIB_ID=Ubuntu
DISTRIB_RELEASE=16.04
DISTRIB_CODENAME=xenial
DISTRIB_DESCRIPTION="Ubuntu 16.04.3 LTS"

uname:Linux 4.4.0-98-generic #121-Ubuntu SMP Tue Oct 10 14:24:03 UTC 2017 x86_64
libc:glibc 2.23 NPTL 2.23 
rlimit: STACK 8192k, CORE 0k, NPROC 31052, NOFILE 1048576, AS infinity
load average:1,37 1,49 1,09

/proc/meminfo:
MemTotal:        8055284 kB
MemFree:         4690904 kB
MemAvailable:    6396280 kB
Buffers:          150204 kB
Cached:          2034520 kB
SwapCached:            0 kB
Active:          1943156 kB
Inactive:        1177512 kB
Active(anon):     939940 kB
Inactive(anon):   309892 kB
Active(file):    1003216 kB
Inactive(file):   867620 kB
Unevictable:          72 kB
Mlocked:              44 kB
SwapTotal:       8268796 kB
SwapFree:        8268796 kB
Dirty:                 0 kB
Writeback:             0 kB
AnonPages:        936252 kB
Mapped:           524444 kB
Shmem:            313636 kB
Slab:             153772 kB
SReclaimable:     108276 kB
SUnreclaim:        45496 kB
KernelStack:        8096 kB
PageTables:        31484 kB
NFS_Unstable:          0 kB
Bounce:                0 kB
WritebackTmp:          0 kB
CommitLimit:    12296436 kB
Committed_AS:    3763224 kB
VmallocTotal:   34359738367 kB
VmallocUsed:           0 kB
VmallocChunk:          0 kB
HardwareCorrupted:     0 kB
AnonHugePages:    489472 kB
CmaTotal:              0 kB
CmaFree:               0 kB
HugePages_Total:       0
HugePages_Free:        0
HugePages_Rsvd:        0
HugePages_Surp:        0
Hugepagesize:       2048 kB
DirectMap4k:      183896 kB
DirectMap2M:     5988352 kB
DirectMap1G:     2097152 kB


CPU:total 4 (initial active 4) (2 cores per cpu, 2 threads per core) family 6 model 78 stepping 3, cmov, cx8, fxsr, mmx, sse, sse2, sse3, ssse3, sse4.1, sse4.2, popcnt, avx, avx2, aes, clmul, erms, 3dnowpref, lzcnt, ht, tsc, tscinvbit, bmi1, bmi2, adx

/proc/cpuinfo:
processor	: 0
vendor_id	: GenuineIntel
cpu family	: 6
model		: 78
model name	: Intel(R) Core(TM) i5-6200U CPU @ 2.30GHz
stepping	: 3
microcode	: 0xba
cpu MHz		: 2700.000
cache size	: 3072 KB
physical id	: 0
siblings	: 4
core id		: 0
cpu cores	: 2
apicid		: 0
initial apicid	: 0
fpu		: yes
fpu_exception	: yes
cpuid level	: 22
wp		: yes
flags		: fpu vme de pse tsc msr pae mce cx8 apic sep mtrr pge mca cmov pat pse36 clflush dts acpi mmx fxsr sse sse2 ss ht tm pbe syscall nx pdpe1gb rdtscp lm constant_tsc art arch_perfmon pebs bts rep_good nopl xtopology nonstop_tsc aperfmperf eagerfpu pni pclmulqdq dtes64 monitor ds_cpl vmx est tm2 ssse3 sdbg fma cx16 xtpr pdcm pcid sse4_1 sse4_2 x2apic movbe popcnt tsc_deadline_timer aes xsave avx f16c rdrand lahf_lm abm 3dnowprefetch epb intel_pt tpr_shadow vnmi flexpriority ept vpid fsgsbase tsc_adjust bmi1 avx2 smep bmi2 erms invpcid mpx rdseed adx smap clflushopt xsaveopt xsavec xgetbv1 dtherm ida arat pln pts hwp hwp_notify hwp_act_window hwp_epp
bugs		:
bogomips	: 4799.84
clflush size	: 64
cache_alignment	: 64
address sizes	: 39 bits physical, 48 bits virtual
power management:

processor	: 1
vendor_id	: GenuineIntel
cpu family	: 6
model		: 78
model name	: Intel(R) Core(TM) i5-6200U CPU @ 2.30GHz
stepping	: 3
microcode	: 0xba
cpu MHz		: 2700.000
cache size	: 3072 KB
physical id	: 0
siblings	: 4
core id		: 1
cpu cores	: 2
apicid		: 2
initial apicid	: 2
fpu		: yes
fpu_exception	: yes
cpuid level	: 22
wp		: yes
flags		: fpu vme de pse tsc msr pae mce cx8 apic sep mtrr pge mca cmov pat pse36 clflush dts acpi mmx fxsr sse sse2 ss ht tm pbe syscall nx pdpe1gb rdtscp lm constant_tsc art arch_perfmon pebs bts rep_good nopl xtopology nonstop_tsc aperfmperf eagerfpu pni pclmulqdq dtes64 monitor ds_cpl vmx est tm2 ssse3 sdbg fma cx16 xtpr pdcm pcid sse4_1 sse4_2 x2apic movbe popcnt tsc_deadline_timer aes xsave avx f16c rdrand lahf_lm abm 3dnowprefetch epb intel_pt tpr_shadow vnmi flexpriority ept vpid fsgsbase tsc_adjust bmi1 avx2 smep bmi2 erms invpcid mpx rdseed adx smap clflushopt xsaveopt xsavec xgetbv1 dtherm ida arat pln pts hwp hwp_notify hwp_act_window hwp_epp
bugs		:
bogomips	: 4799.84
clflush size	: 64
cache_alignment	: 64
address sizes	: 39 bits physical, 48 bits virtual
power management:

processor	: 2
vendor_id	: GenuineIntel
cpu family	: 6
model		: 78
model name	: Intel(R) Core(TM) i5-6200U CPU @ 2.30GHz
stepping	: 3
microcode	: 0xba
cpu MHz		: 2699.906
cache size	: 3072 KB
physical id	: 0
siblings	: 4
core id		: 0
cpu cores	: 2
apicid		: 1
initial apicid	: 1
fpu		: yes
fpu_exception	: yes
cpuid level	: 22
wp		: yes
flags		: fpu vme de pse tsc msr pae mce cx8 apic sep mtrr pge mca cmov pat pse36 clflush dts acpi mmx fxsr sse sse2 ss ht tm pbe syscall nx pdpe1gb rdtscp lm constant_tsc art arch_perfmon pebs bts rep_good nopl xtopology nonstop_tsc aperfmperf eagerfpu pni pclmulqdq dtes64 monitor ds_cpl vmx est tm2 ssse3 sdbg fma cx16 xtpr pdcm pcid sse4_1 sse4_2 x2apic movbe popcnt tsc_deadline_timer aes xsave avx f16c rdrand lahf_lm abm 3dnowprefetch epb intel_pt tpr_shadow vnmi flexpriority ept vpid fsgsbase tsc_adjust bmi1 avx2 smep bmi2 erms invpcid mpx rdseed adx smap clflushopt xsaveopt xsavec xgetbv1 dtherm ida arat pln pts hwp hwp_notify hwp_act_window hwp_epp
bugs		:
bogomips	: 4799.84
clflush size	: 64
cache_alignment	: 64
address sizes	: 39 bits physical, 48 bits virtual
power management:

processor	: 3
vendor_id	: GenuineIntel
cpu family	: 6
model		: 78
model name	: Intel(R) Core(TM) i5-6200U CPU @ 2.30GHz
stepping	: 3
microcode	: 0xba
cpu MHz		: 2699.906
cache size	: 3072 KB
physical id	: 0
siblings	: 4
core id		: 1
cpu cores	: 2
apicid		: 3
initial apicid	: 3
fpu		: yes
fpu_exception	: yes
cpuid level	: 22
wp		: yes
flags		: fpu vme de pse tsc msr pae mce cx8 apic sep mtrr pge mca cmov pat pse36 clflush dts acpi mmx fxsr sse sse2 ss ht tm pbe syscall nx pdpe1gb rdtscp lm constant_tsc art arch_perfmon pebs bts rep_good nopl xtopology nonstop_tsc aperfmperf eagerfpu pni pclmulqdq dtes64 monitor ds_cpl vmx est tm2 ssse3 sdbg fma cx16 xtpr pdcm pcid sse4_1 sse4_2 x2apic movbe popcnt tsc_deadline_timer aes xsave avx f16c rdrand lahf_lm abm 3dnowprefetch epb intel_pt tpr_shadow vnmi flexpriority ept vpid fsgsbase tsc_adjust bmi1 avx2 smep bmi2 erms invpcid mpx rdseed adx smap clflushopt xsaveopt xsavec xgetbv1 dtherm ida arat pln pts hwp hwp_notify hwp_act_window hwp_epp
bugs		:
bogomips	: 4799.84
clflush size	: 64
cache_alignment	: 64
address sizes	: 39 bits physical, 48 bits virtual
power management:



Memory: 4k page, physical 8055284k(4690716k free), swap 8268796k(8268796k free)

vm_info: OpenJDK 64-Bit Server VM (25.151-b12) for linux-amd64 JRE (1.8.0_151-8u151-b12-0ubuntu0.16.04.2-b12), built on Oct 27 2017 21:59:02 by "buildd" with gcc 5.4.0 20160609

time: Thu Nov 16 22:31:09 2017
elapsed time: 5500 seconds (0d 1h 31m 40s)

