
	            G L O B A L   R E F E R E N C E S

	             Name               Value        Type
	==============================|=======|===============
	filtro                           0007         CONSTANT
	mascara                          8016         CONSTANT
	SP_INICIAL                       FDFF         CONSTANT
	IO_READ                          FFFF         CONSTANT
	IO_WRITE                         FFFE         CONSTANT
	IO_STATUS                        FFFD         CONSTANT
	IO_CONTROL                       FFFC         CONSTANT
	IO_SW                            FFF9         CONSTANT
	IO_LEDS                          FFF8         CONSTANT
	LCD_WRITE                        FFF5         CONSTANT
	LCD_CONTROL                      FFF4         CONSTANT
	IO_DISPLAY                       FFF0         CONSTANT
	TEMP                             FFF7         CONSTANT
	TEMP_VALUE                       FFF6         CONSTANT
	INT_MASK_ADDR                    FFFA         CONSTANT
	INT_MASK                         8000         CONSTANT
	SPACE                            0020         CONSTANT
	ZERO                             0030         CONSTANT
	NROUNDS_LOST                     000D         CONSTANT
	NROUNDS_MAX                      000C         CONSTANT
	TEMP_STEP                        000A         CONSTANT
	jogada                           8000            TABLE
	codigo                           8001            TABLE
	resultado                        8002            TABLE
	semente                          8003            TABLE
	melhor_pont                      8004         VARIABLE
	pont_atual                       8005         VARIABLE
	tempo_restante                   8006         VARIABLE
	temporizador                     8007            TABLE
	cursor                           8008         VARIABLE
	inicia_jogo                      8009           STRING
	ganhou                           802B           STRING
	perdeu                           8034           STRING
	INT1                             FE01         VARIABLE
	INT2                             FE02         VARIABLE
	INT3                             FE03         VARIABLE
	INT4                             FE04         VARIABLE
	INT5                             FE05         VARIABLE
	INT6                             FE06         VARIABLE
	INTA                             FE0A         VARIABLE
	INTF                             FE0F         VARIABLE
	INT1F                            0002            LABEL
	INT2F                            0005            LABEL
	INT3F                            0008            LABEL
	INT4F                            000B            LABEL
	INT5F                            000E            LABEL
	INT6F                            0011            LABEL
	INTAF                            0014            LABEL
	INTFF                            0019            LABEL
	check_play                       0025            LABEL
	check                            0031            LABEL
	check_ret                        004F            LABEL
	check_direct                     0052            LABEL
	check_xes                        0057            LABEL
	ciclo_xes                        0061            LABEL
	salto_xes                        006A            LABEL
	check_oes                        0075            LABEL
	ciclo_oes                        0081            LABEL
	check_digit                      0095            LABEL
	ciclo_digit                      00A1            LABEL
	salto_digit                      00A9            LABEL
	ret_digit                        00AD            LABEL
	print                            00B2            LABEL
	print_char                       00C1            LABEL
	newline                          00CE            LABEL
	print_str                        00DB            LABEL
	ciclo_str                        00E1            LABEL
	fim_str                          00E8            LABEL
	print_digit                      00ED            LABEL
	print_jogada                     00FC            LABEL
	guess_ciclo                      0104            LABEL
	print_count                      0111            LABEL
	unidades                         011C            LABEL
	print_result                     0122            LABEL
	print_xes                        012D            LABEL
	print_oes                        0135            LABEL
	print_dash                       013D            LABEL
	ret_result                       0145            LABEL
	print_line                       014B            LABEL
	limpa_jt                         0172            LABEL
	clear_ciclo                      0179            LABEL
	random                           0185            LABEL
	rand_cycle                       0192            LABEL
	jump                             0199            LABEL
	get_seed                         01AB            LABEL
	wait_for_seed                    01BC            LABEL
	display                          01C9            LABEL
	display_best                     01D0            LABEL
	display_current                  01EA            LABEL
	display_time                     01FB            LABEL
	get_input                        0202            LABEL
	input_macro                      021F            LABEL
	input_micro                      0220            LABEL
	wait_timer                       022E            LABEL
	return_input                     023B            LABEL
	start_timer                      0241            LABEL
	reset_timer                      024C            LABEL
	ronda                            0251            LABEL
	ciclo_ronda                      0262            LABEL
	etiq_perdeu                      0279            LABEL
	etiq_ganhou                      0282            LABEL
	return_ronda                     0286            LABEL
	update_best                      028C            LABEL
	dont_update                      0296            LABEL
	inicio                           0299            LABEL
	joga_sempre                      02A0            LABEL
	fim                              02A3            LABEL
