
	            G L O B A L   R E F E R E N C E S

	             Name               Value        Type
	==============================|=======|===============
	filtro                           0007         CONSTANT
	mascara                          8016         CONSTANT
	SP_INICIAL                       FDFF         CONSTANT
	IO_READ                          FFFF         CONSTANT
	IO_WRITE                         FFFE         CONSTANT
	IO_STATUS                        FFFD         CONSTANT
	IO_CONTROL                       FFFC         CONSTANT
	IO_SW                            FFF9         CONSTANT
	IO_LEDS                          FFF8         CONSTANT
	LCD_WRITE                        FFF5         CONSTANT
	LCD_CONTROL                      FFF4         CONSTANT
	IO_DISPLAY                       FFF0         CONSTANT
	TEMP                             FFF7         CONSTANT
	TEMP_VALUE                       FFF6         CONSTANT
	INT_MASK_ADDR                    FFFA         CONSTANT
	INT_MASK                         8000         CONSTANT
	SPACE                            0020         CONSTANT
	ZERO                             0030         CONSTANT
	NROUNDS_LOST                     000D         CONSTANT
	NROUNDS_MAX                      000C         CONSTANT
	TEMP_STEP                        0005         CONSTANT
	jogada                           8000            TABLE
	codigo                           8001            TABLE
	resultado                        8002            TABLE
	semente                          8003            TABLE
	melhor_pont                      8004         VARIABLE
	pont_atual                       8005         VARIABLE
	tempo_restante                   8006         VARIABLE
	temporizador                     8007            TABLE
	cursor                           8008         VARIABLE
	inicia_jogo                      8009           STRING
	ganhou                           802B           STRING
	perdeu                           8034           STRING
	INT1                             FE01         VARIABLE
	INT2                             FE02         VARIABLE
	INT3                             FE03         VARIABLE
	INT4                             FE04         VARIABLE
	INT5                             FE05         VARIABLE
	INT6                             FE06         VARIABLE
	INTA                             FE0A         VARIABLE
	INTF                             FE0F         VARIABLE
	INT1F                            0002            LABEL
	INT2F                            0005            LABEL
	INT3F                            0008            LABEL
	INT4F                            000B            LABEL
	INT5F                            000E            LABEL
	INT6F                            0011            LABEL
	INTAF                            0014            LABEL
	INTFF                            001B            LABEL
	check_play                       0027            LABEL
	check                            0033            LABEL
	check_ret                        0051            LABEL
	check_direct                     0054            LABEL
	check_xes                        0059            LABEL
	ciclo_xes                        0063            LABEL
	salto_xes                        006C            LABEL
	check_oes                        0077            LABEL
	ciclo_oes                        0083            LABEL
	check_digit                      0097            LABEL
	ciclo_digit                      00A3            LABEL
	salto_digit                      00AB            LABEL
	ret_digit                        00AF            LABEL
	print                            00B4            LABEL
	print_char                       00C3            LABEL
	newline                          00D0            LABEL
	print_str                        00DD            LABEL
	ciclo_str                        00E3            LABEL
	fim_str                          00EA            LABEL
	print_digit                      00EF            LABEL
	print_jogada                     00FE            LABEL
	guess_ciclo                      0106            LABEL
	print_count                      0113            LABEL
	unidades                         011E            LABEL
	print_result                     0124            LABEL
	print_xes                        012F            LABEL
	print_oes                        0137            LABEL
	print_dash                       013F            LABEL
	ret_result                       0147            LABEL
	print_line                       014D            LABEL
	limpa_jt                         0174            LABEL
	clear_ciclo                      017B            LABEL
	random                           0187            LABEL
	rand_cycle                       0194            LABEL
	jump                             019B            LABEL
	get_seed                         01AD            LABEL
	wait_for_seed                    01BE            LABEL
	display                          01CB            LABEL
	display_best                     01D2            LABEL
	display_current                  01EC            LABEL
	display_time                     01FD            LABEL
	get_input                        0204            LABEL
	input_macro                      0221            LABEL
	input_micro                      0222            LABEL
	wait_timer                       0230            LABEL
	return_input                     023D            LABEL
	start_timer                      0243            LABEL
	reset_timer                      024E            LABEL
	ronda                            0253            LABEL
	ciclo_ronda                      0264            LABEL
	etiq_perdeu                      027B            LABEL
	etiq_ganhou                      0284            LABEL
	return_ronda                     0288            LABEL
	update_best                      028E            LABEL
	dont_update                      0298            LABEL
	inicio                           029B            LABEL
	joga_sempre                      02A2            LABEL
	fim                              02A5            LABEL
